CRITICAL - 2024-01-05 05:30:09 --> Invalid file: "ruta_de_tu_modal.php"
in SYSTEMPATH\Exceptions\FrameworkException.php on line 39.
 1 SYSTEMPATH\View\View.php(216): CodeIgniter\Exceptions\FrameworkException::forInvalidFile('ruta_de_tu_modal.php')
 2 SYSTEMPATH\Common.php(1190): CodeIgniter\View\View->render('ruta_de_tu_modal', [], true)
 3 APPPATH\Controllers\Productos.php(281): view('ruta_de_tu_modal', [...])
 4 SYSTEMPATH\CodeIgniter.php(942): App\Controllers\Productos->obtenerDatosProducto('1')
 5 SYSTEMPATH\CodeIgniter.php(502): CodeIgniter\CodeIgniter->runController(Object(App\Controllers\Productos))
 6 SYSTEMPATH\CodeIgniter.php(361): CodeIgniter\CodeIgniter->handleRequest(null, Object(Config\Cache), false)
 7 FCPATH\index.php(79): CodeIgniter\CodeIgniter->run()
CRITICAL - 2024-01-05 05:30:10 --> Invalid file: "ruta_de_tu_modal.php"
in SYSTEMPATH\Exceptions\FrameworkException.php on line 39.
 1 SYSTEMPATH\View\View.php(216): CodeIgniter\Exceptions\FrameworkException::forInvalidFile('ruta_de_tu_modal.php')
 2 SYSTEMPATH\Common.php(1190): CodeIgniter\View\View->render('ruta_de_tu_modal', [], true)
 3 APPPATH\Controllers\Productos.php(281): view('ruta_de_tu_modal', [...])
 4 SYSTEMPATH\CodeIgniter.php(942): App\Controllers\Productos->obtenerDatosProducto('1')
 5 SYSTEMPATH\CodeIgniter.php(502): CodeIgniter\CodeIgniter->runController(Object(App\Controllers\Productos))
 6 SYSTEMPATH\CodeIgniter.php(361): CodeIgniter\CodeIgniter->handleRequest(null, Object(Config\Cache), false)
 7 FCPATH\index.php(79): CodeIgniter\CodeIgniter->run()
CRITICAL - 2024-01-05 05:30:11 --> Invalid file: "ruta_de_tu_modal.php"
in SYSTEMPATH\Exceptions\FrameworkException.php on line 39.
 1 SYSTEMPATH\View\View.php(216): CodeIgniter\Exceptions\FrameworkException::forInvalidFile('ruta_de_tu_modal.php')
 2 SYSTEMPATH\Common.php(1190): CodeIgniter\View\View->render('ruta_de_tu_modal', [], true)
 3 APPPATH\Controllers\Productos.php(281): view('ruta_de_tu_modal', [...])
 4 SYSTEMPATH\CodeIgniter.php(942): App\Controllers\Productos->obtenerDatosProducto('1')
 5 SYSTEMPATH\CodeIgniter.php(502): CodeIgniter\CodeIgniter->runController(Object(App\Controllers\Productos))
 6 SYSTEMPATH\CodeIgniter.php(361): CodeIgniter\CodeIgniter->handleRequest(null, Object(Config\Cache), false)
 7 FCPATH\index.php(79): CodeIgniter\CodeIgniter->run()
CRITICAL - 2024-01-05 05:30:26 --> Invalid file: "ruta_de_tu_modal.php"
in SYSTEMPATH\Exceptions\FrameworkException.php on line 39.
 1 SYSTEMPATH\View\View.php(216): CodeIgniter\Exceptions\FrameworkException::forInvalidFile('ruta_de_tu_modal.php')
 2 SYSTEMPATH\Common.php(1190): CodeIgniter\View\View->render('ruta_de_tu_modal', [], true)
 3 APPPATH\Controllers\Productos.php(281): view('ruta_de_tu_modal', [...])
 4 SYSTEMPATH\CodeIgniter.php(942): App\Controllers\Productos->obtenerDatosProducto('1')
 5 SYSTEMPATH\CodeIgniter.php(502): CodeIgniter\CodeIgniter->runController(Object(App\Controllers\Productos))
 6 SYSTEMPATH\CodeIgniter.php(361): CodeIgniter\CodeIgniter->handleRequest(null, Object(Config\Cache), false)
 7 FCPATH\index.php(79): CodeIgniter\CodeIgniter->run()
CRITICAL - 2024-01-05 05:51:08 --> Attempt to read property "idcategoria" on array
in APPPATH\Controllers\Productos.php on line 271.
 1 APPPATH\Controllers\Productos.php(271): CodeIgniter\Debug\Exceptions->errorHandler(2, 'Attempt to read property "idcategoria" on array', 'C:\\laragon\\www\\pos\\app\\Controllers\\Productos.php', 271)
 2 SYSTEMPATH\CodeIgniter.php(942): App\Controllers\Productos->obtenerDatosProducto('1')
 3 SYSTEMPATH\CodeIgniter.php(502): CodeIgniter\CodeIgniter->runController(Object(App\Controllers\Productos))
 4 SYSTEMPATH\CodeIgniter.php(361): CodeIgniter\CodeIgniter->handleRequest(null, Object(Config\Cache), false)
 5 FCPATH\index.php(79): CodeIgniter\CodeIgniter->run()
CRITICAL - 2024-01-05 05:51:09 --> Attempt to read property "idcategoria" on array
in APPPATH\Controllers\Productos.php on line 271.
 1 APPPATH\Controllers\Productos.php(271): CodeIgniter\Debug\Exceptions->errorHandler(2, 'Attempt to read property "idcategoria" on array', 'C:\\laragon\\www\\pos\\app\\Controllers\\Productos.php', 271)
 2 SYSTEMPATH\CodeIgniter.php(942): App\Controllers\Productos->obtenerDatosProducto('1')
 3 SYSTEMPATH\CodeIgniter.php(502): CodeIgniter\CodeIgniter->runController(Object(App\Controllers\Productos))
 4 SYSTEMPATH\CodeIgniter.php(361): CodeIgniter\CodeIgniter->handleRequest(null, Object(Config\Cache), false)
 5 FCPATH\index.php(79): CodeIgniter\CodeIgniter->run()
CRITICAL - 2024-01-05 05:51:09 --> Attempt to read property "idcategoria" on array
in APPPATH\Controllers\Productos.php on line 271.
 1 APPPATH\Controllers\Productos.php(271): CodeIgniter\Debug\Exceptions->errorHandler(2, 'Attempt to read property "idcategoria" on array', 'C:\\laragon\\www\\pos\\app\\Controllers\\Productos.php', 271)
 2 SYSTEMPATH\CodeIgniter.php(942): App\Controllers\Productos->obtenerDatosProducto('1')
 3 SYSTEMPATH\CodeIgniter.php(502): CodeIgniter\CodeIgniter->runController(Object(App\Controllers\Productos))
 4 SYSTEMPATH\CodeIgniter.php(361): CodeIgniter\CodeIgniter->handleRequest(null, Object(Config\Cache), false)
 5 FCPATH\index.php(79): CodeIgniter\CodeIgniter->run()
CRITICAL - 2024-01-05 05:51:21 --> Attempt to read property "idcategoria" on array
in APPPATH\Controllers\Productos.php on line 271.
 1 APPPATH\Controllers\Productos.php(271): CodeIgniter\Debug\Exceptions->errorHandler(2, 'Attempt to read property "idcategoria" on array', 'C:\\laragon\\www\\pos\\app\\Controllers\\Productos.php', 271)
 2 SYSTEMPATH\CodeIgniter.php(942): App\Controllers\Productos->obtenerDatosProducto('1')
 3 SYSTEMPATH\CodeIgniter.php(502): CodeIgniter\CodeIgniter->runController(Object(App\Controllers\Productos))
 4 SYSTEMPATH\CodeIgniter.php(361): CodeIgniter\CodeIgniter->handleRequest(null, Object(Config\Cache), false)
 5 FCPATH\index.php(79): CodeIgniter\CodeIgniter->run()
CRITICAL - 2024-01-05 05:54:15 --> Attempt to read property "idcategoria" on array
in APPPATH\Controllers\Productos.php on line 270.
 1 APPPATH\Controllers\Productos.php(270): CodeIgniter\Debug\Exceptions->errorHandler(2, 'Attempt to read property "idcategoria" on array', 'C:\\laragon\\www\\pos\\app\\Controllers\\Productos.php', 270)
 2 SYSTEMPATH\CodeIgniter.php(942): App\Controllers\Productos->obtenerDatosProducto('1')
 3 SYSTEMPATH\CodeIgniter.php(502): CodeIgniter\CodeIgniter->runController(Object(App\Controllers\Productos))
 4 SYSTEMPATH\CodeIgniter.php(361): CodeIgniter\CodeIgniter->handleRequest(null, Object(Config\Cache), false)
 5 FCPATH\index.php(79): CodeIgniter\CodeIgniter->run()
CRITICAL - 2024-01-05 05:54:22 --> Attempt to read property "idcategoria" on array
in APPPATH\Controllers\Productos.php on line 270.
 1 APPPATH\Controllers\Productos.php(270): CodeIgniter\Debug\Exceptions->errorHandler(2, 'Attempt to read property "idcategoria" on array', 'C:\\laragon\\www\\pos\\app\\Controllers\\Productos.php', 270)
 2 SYSTEMPATH\CodeIgniter.php(942): App\Controllers\Productos->obtenerDatosProducto('1')
 3 SYSTEMPATH\CodeIgniter.php(502): CodeIgniter\CodeIgniter->runController(Object(App\Controllers\Productos))
 4 SYSTEMPATH\CodeIgniter.php(361): CodeIgniter\CodeIgniter->handleRequest(null, Object(Config\Cache), false)
 5 FCPATH\index.php(79): CodeIgniter\CodeIgniter->run()
CRITICAL - 2024-01-05 06:06:56 --> Attempt to read property "categoria" on array
in APPPATH\Controllers\Productos.php on line 272.
 1 APPPATH\Controllers\Productos.php(272): CodeIgniter\Debug\Exceptions->errorHandler(2, 'Attempt to read property "categoria" on array', 'C:\\laragon\\www\\pos\\app\\Controllers\\Productos.php', 272)
 2 SYSTEMPATH\CodeIgniter.php(942): App\Controllers\Productos->obtenerDatosProducto('1')
 3 SYSTEMPATH\CodeIgniter.php(502): CodeIgniter\CodeIgniter->runController(Object(App\Controllers\Productos))
 4 SYSTEMPATH\CodeIgniter.php(361): CodeIgniter\CodeIgniter->handleRequest(null, Object(Config\Cache), false)
 5 FCPATH\index.php(79): CodeIgniter\CodeIgniter->run()
CRITICAL - 2024-01-05 06:07:36 --> Attempt to read property "categoria" on array
in APPPATH\Controllers\Productos.php on line 272.
 1 APPPATH\Controllers\Productos.php(272): CodeIgniter\Debug\Exceptions->errorHandler(2, 'Attempt to read property "categoria" on array', 'C:\\laragon\\www\\pos\\app\\Controllers\\Productos.php', 272)
 2 SYSTEMPATH\CodeIgniter.php(942): App\Controllers\Productos->obtenerDatosProducto('1')
 3 SYSTEMPATH\CodeIgniter.php(502): CodeIgniter\CodeIgniter->runController(Object(App\Controllers\Productos))
 4 SYSTEMPATH\CodeIgniter.php(361): CodeIgniter\CodeIgniter->handleRequest(null, Object(Config\Cache), false)
 5 FCPATH\index.php(79): CodeIgniter\CodeIgniter->run()
ERROR - 2024-01-05 06:33:19 --> mysqli_sql_exception: Unknown column 'detalles' in 'where clause' in C:\laragon\www\pos\system\Database\MySQLi\Connection.php:306
Stack trace:
#0 C:\laragon\www\pos\system\Database\MySQLi\Connection.php(306): mysqli->query('SELECT COUNT(p....', 0)
#1 C:\laragon\www\pos\system\Database\BaseConnection.php(693): CodeIgniter\Database\MySQLi\Connection->execute('SELECT COUNT(p....')
#2 C:\laragon\www\pos\system\Database\BaseConnection.php(607): CodeIgniter\Database\BaseConnection->simpleQuery('SELECT COUNT(p....')
#3 C:\laragon\www\pos\app\Controllers\Productos.php(137): CodeIgniter\Database\BaseConnection->query('SELECT COUNT(p....')
#4 C:\laragon\www\pos\system\CodeIgniter.php(942): App\Controllers\Productos->ajaxListarProductos()
#5 C:\laragon\www\pos\system\CodeIgniter.php(502): CodeIgniter\CodeIgniter->runController(Object(App\Controllers\Productos))
#6 C:\laragon\www\pos\system\CodeIgniter.php(361): CodeIgniter\CodeIgniter->handleRequest(NULL, Object(Config\Cache), false)
#7 C:\laragon\www\pos\public\index.php(79): CodeIgniter\CodeIgniter->run()
#8 {main}
CRITICAL - 2024-01-05 06:33:19 --> Unknown column 'detalles' in 'where clause'
in SYSTEMPATH\Database\BaseConnection.php on line 647.
 1 APPPATH\Controllers\Productos.php(137): CodeIgniter\Database\BaseConnection->query('SELECT COUNT(p.id_producto) as total FROM productos p WHERE detalles LIKE \'%a%\' OR cod_interno LIKE \'%a%\' OR cod_barras LIKE \'%a%\' OR nombre_producto LIKE \'%a%\' OR idcategoria LIKE \'%a%\' OR precio_compra LIKE \'%a%\' OR precio_venta LIKE \'%a%\' OR precio_venta_mayoreo LIKE \'%a%\' OR utilidad LIKE \'%a%\' OR stock LIKE \'%a%\' OR stock_min LIKE \'%a%\' OR exento LIKE \'%a%\' OR inventariable LIKE \'%a%\' OR perecedero LIKE \'%a%\'')
 2 SYSTEMPATH\CodeIgniter.php(942): App\Controllers\Productos->ajaxListarProductos()
 3 SYSTEMPATH\CodeIgniter.php(502): CodeIgniter\CodeIgniter->runController(Object(App\Controllers\Productos))
 4 SYSTEMPATH\CodeIgniter.php(361): CodeIgniter\CodeIgniter->handleRequest(null, Object(Config\Cache), false)
 5 FCPATH\index.php(79): CodeIgniter\CodeIgniter->run()
ERROR - 2024-01-05 06:33:29 --> mysqli_sql_exception: You have an error in your SQL syntax; check the manual that corresponds to your MySQL server version for the right syntax to use near 'LIKE '%a%' OR cod_interno LIKE '%a%' OR cod_barras LIKE '%a%' OR nombre_producto' at line 1 in C:\laragon\www\pos\system\Database\MySQLi\Connection.php:306
Stack trace:
#0 C:\laragon\www\pos\system\Database\MySQLi\Connection.php(306): mysqli->query('SELECT COUNT(p....', 0)
#1 C:\laragon\www\pos\system\Database\BaseConnection.php(693): CodeIgniter\Database\MySQLi\Connection->execute('SELECT COUNT(p....')
#2 C:\laragon\www\pos\system\Database\BaseConnection.php(607): CodeIgniter\Database\BaseConnection->simpleQuery('SELECT COUNT(p....')
#3 C:\laragon\www\pos\app\Controllers\Productos.php(137): CodeIgniter\Database\BaseConnection->query('SELECT COUNT(p....')
#4 C:\laragon\www\pos\system\CodeIgniter.php(942): App\Controllers\Productos->ajaxListarProductos()
#5 C:\laragon\www\pos\system\CodeIgniter.php(502): CodeIgniter\CodeIgniter->runController(Object(App\Controllers\Productos))
#6 C:\laragon\www\pos\system\CodeIgniter.php(361): CodeIgniter\CodeIgniter->handleRequest(NULL, Object(Config\Cache), false)
#7 C:\laragon\www\pos\public\index.php(79): CodeIgniter\CodeIgniter->run()
#8 {main}
CRITICAL - 2024-01-05 06:33:29 --> You have an error in your SQL syntax; check the manual that corresponds to your MySQL server version for the right syntax to use near 'LIKE '%a%' OR cod_interno LIKE '%a%' OR cod_barras LIKE '%a%' OR nombre_producto' at line 1
in SYSTEMPATH\Database\BaseConnection.php on line 647.
 1 APPPATH\Controllers\Productos.php(137): CodeIgniter\Database\BaseConnection->query('SELECT COUNT(p.id_producto) as total FROM productos p WHERE  LIKE \'%a%\' OR cod_interno LIKE \'%a%\' OR cod_barras LIKE \'%a%\' OR nombre_producto LIKE \'%a%\' OR idcategoria LIKE \'%a%\' OR precio_compra LIKE \'%a%\' OR precio_venta LIKE \'%a%\' OR precio_venta_mayoreo LIKE \'%a%\' OR utilidad LIKE \'%a%\' OR stock LIKE \'%a%\' OR stock_min LIKE \'%a%\' OR exento LIKE \'%a%\' OR inventariable LIKE \'%a%\' OR perecedero LIKE \'%a%\'')
 2 SYSTEMPATH\CodeIgniter.php(942): App\Controllers\Productos->ajaxListarProductos()
 3 SYSTEMPATH\CodeIgniter.php(502): CodeIgniter\CodeIgniter->runController(Object(App\Controllers\Productos))
 4 SYSTEMPATH\CodeIgniter.php(361): CodeIgniter\CodeIgniter->handleRequest(null, Object(Config\Cache), false)
 5 FCPATH\index.php(79): CodeIgniter\CodeIgniter->run()
