ERROR - 2023-12-21 02:38:43 --> mysqli_sql_exception: Table 'pos_ec.categoria' doesn't exist in C:\laragon\www\pos\system\Database\MySQLi\Connection.php:306
Stack trace:
#0 C:\laragon\www\pos\system\Database\MySQLi\Connection.php(306): mysqli->query('SELECT p.*, c.n...', 0)
#1 C:\laragon\www\pos\system\Database\BaseConnection.php(693): CodeIgniter\Database\MySQLi\Connection->execute('SELECT p.*, c.n...')
#2 C:\laragon\www\pos\system\Database\BaseConnection.php(607): CodeIgniter\Database\BaseConnection->simpleQuery('SELECT p.*, c.n...')
#3 C:\laragon\www\pos\app\Controllers\Productos.php(84): CodeIgniter\Database\BaseConnection->query('SELECT p.*, c.n...')
#4 C:\laragon\www\pos\system\CodeIgniter.php(942): App\Controllers\Productos->ajaxListarProductos()
#5 C:\laragon\www\pos\system\CodeIgniter.php(502): CodeIgniter\CodeIgniter->runController(Object(App\Controllers\Productos))
#6 C:\laragon\www\pos\system\CodeIgniter.php(361): CodeIgniter\CodeIgniter->handleRequest(NULL, Object(Config\Cache), false)
#7 C:\laragon\www\pos\public\index.php(79): CodeIgniter\CodeIgniter->run()
#8 {main}
CRITICAL - 2023-12-21 02:38:43 --> Table 'pos_ec.categoria' doesn't exist
in SYSTEMPATH\Database\BaseConnection.php on line 647.
 1 APPPATH\Controllers\Productos.php(84): CodeIgniter\Database\BaseConnection->query('SELECT p.*, c.nombre_categoria as nombre_categoria FROM productos p LEFT JOIN categoria c ON p.idcategoria = c.id_categoria LIMIT 0, 10')
 2 SYSTEMPATH\CodeIgniter.php(942): App\Controllers\Productos->ajaxListarProductos()
 3 SYSTEMPATH\CodeIgniter.php(502): CodeIgniter\CodeIgniter->runController(Object(App\Controllers\Productos))
 4 SYSTEMPATH\CodeIgniter.php(361): CodeIgniter\CodeIgniter->handleRequest(null, Object(Config\Cache), false)
 5 FCPATH\index.php(79): CodeIgniter\CodeIgniter->run()
ERROR - 2023-12-21 02:38:50 --> mysqli_sql_exception: Table 'pos_ec.categoria' doesn't exist in C:\laragon\www\pos\system\Database\MySQLi\Connection.php:306
Stack trace:
#0 C:\laragon\www\pos\system\Database\MySQLi\Connection.php(306): mysqli->query('SELECT p.*, c.n...', 0)
#1 C:\laragon\www\pos\system\Database\BaseConnection.php(693): CodeIgniter\Database\MySQLi\Connection->execute('SELECT p.*, c.n...')
#2 C:\laragon\www\pos\system\Database\BaseConnection.php(607): CodeIgniter\Database\BaseConnection->simpleQuery('SELECT p.*, c.n...')
#3 C:\laragon\www\pos\app\Controllers\Productos.php(84): CodeIgniter\Database\BaseConnection->query('SELECT p.*, c.n...')
#4 C:\laragon\www\pos\system\CodeIgniter.php(942): App\Controllers\Productos->ajaxListarProductos()
#5 C:\laragon\www\pos\system\CodeIgniter.php(502): CodeIgniter\CodeIgniter->runController(Object(App\Controllers\Productos))
#6 C:\laragon\www\pos\system\CodeIgniter.php(361): CodeIgniter\CodeIgniter->handleRequest(NULL, Object(Config\Cache), false)
#7 C:\laragon\www\pos\public\index.php(79): CodeIgniter\CodeIgniter->run()
#8 {main}
CRITICAL - 2023-12-21 02:38:50 --> Table 'pos_ec.categoria' doesn't exist
in SYSTEMPATH\Database\BaseConnection.php on line 647.
 1 APPPATH\Controllers\Productos.php(84): CodeIgniter\Database\BaseConnection->query('SELECT p.*, c.nombre_categoria as nombre_categoria FROM productos p LEFT JOIN categoria c ON p.idcategoria = c.id_categoria LIMIT 0, 10')
 2 SYSTEMPATH\CodeIgniter.php(942): App\Controllers\Productos->ajaxListarProductos()
 3 SYSTEMPATH\CodeIgniter.php(502): CodeIgniter\CodeIgniter->runController(Object(App\Controllers\Productos))
 4 SYSTEMPATH\CodeIgniter.php(361): CodeIgniter\CodeIgniter->handleRequest(null, Object(Config\Cache), false)
 5 FCPATH\index.php(79): CodeIgniter\CodeIgniter->run()
ERROR - 2023-12-21 02:39:14 --> mysqli_sql_exception: Table 'pos_ec.categoria' doesn't exist in C:\laragon\www\pos\system\Database\MySQLi\Connection.php:306
Stack trace:
#0 C:\laragon\www\pos\system\Database\MySQLi\Connection.php(306): mysqli->query('SELECT p.*, c.n...', 0)
#1 C:\laragon\www\pos\system\Database\BaseConnection.php(693): CodeIgniter\Database\MySQLi\Connection->execute('SELECT p.*, c.n...')
#2 C:\laragon\www\pos\system\Database\BaseConnection.php(607): CodeIgniter\Database\BaseConnection->simpleQuery('SELECT p.*, c.n...')
#3 C:\laragon\www\pos\app\Controllers\Productos.php(84): CodeIgniter\Database\BaseConnection->query('SELECT p.*, c.n...')
#4 C:\laragon\www\pos\system\CodeIgniter.php(942): App\Controllers\Productos->ajaxListarProductos()
#5 C:\laragon\www\pos\system\CodeIgniter.php(502): CodeIgniter\CodeIgniter->runController(Object(App\Controllers\Productos))
#6 C:\laragon\www\pos\system\CodeIgniter.php(361): CodeIgniter\CodeIgniter->handleRequest(NULL, Object(Config\Cache), false)
#7 C:\laragon\www\pos\public\index.php(79): CodeIgniter\CodeIgniter->run()
#8 {main}
CRITICAL - 2023-12-21 02:39:14 --> Table 'pos_ec.categoria' doesn't exist
in SYSTEMPATH\Database\BaseConnection.php on line 647.
 1 APPPATH\Controllers\Productos.php(84): CodeIgniter\Database\BaseConnection->query('SELECT p.*, c.nombre_categoria as nombre_categoria FROM productos p LEFT JOIN categoria c ON p.idcategoria = c.id_categoria LIMIT 0, 10')
 2 SYSTEMPATH\CodeIgniter.php(942): App\Controllers\Productos->ajaxListarProductos()
 3 SYSTEMPATH\CodeIgniter.php(502): CodeIgniter\CodeIgniter->runController(Object(App\Controllers\Productos))
 4 SYSTEMPATH\CodeIgniter.php(361): CodeIgniter\CodeIgniter->handleRequest(null, Object(Config\Cache), false)
 5 FCPATH\index.php(79): CodeIgniter\CodeIgniter->run()
ERROR - 2023-12-21 02:39:41 --> mysqli_sql_exception: Unknown column 'c.nombre_categoria' in 'field list' in C:\laragon\www\pos\system\Database\MySQLi\Connection.php:306
Stack trace:
#0 C:\laragon\www\pos\system\Database\MySQLi\Connection.php(306): mysqli->query('SELECT p.*, c.n...', 0)
#1 C:\laragon\www\pos\system\Database\BaseConnection.php(693): CodeIgniter\Database\MySQLi\Connection->execute('SELECT p.*, c.n...')
#2 C:\laragon\www\pos\system\Database\BaseConnection.php(607): CodeIgniter\Database\BaseConnection->simpleQuery('SELECT p.*, c.n...')
#3 C:\laragon\www\pos\app\Controllers\Productos.php(84): CodeIgniter\Database\BaseConnection->query('SELECT p.*, c.n...')
#4 C:\laragon\www\pos\system\CodeIgniter.php(942): App\Controllers\Productos->ajaxListarProductos()
#5 C:\laragon\www\pos\system\CodeIgniter.php(502): CodeIgniter\CodeIgniter->runController(Object(App\Controllers\Productos))
#6 C:\laragon\www\pos\system\CodeIgniter.php(361): CodeIgniter\CodeIgniter->handleRequest(NULL, Object(Config\Cache), false)
#7 C:\laragon\www\pos\public\index.php(79): CodeIgniter\CodeIgniter->run()
#8 {main}
CRITICAL - 2023-12-21 02:39:41 --> Unknown column 'c.nombre_categoria' in 'field list'
in SYSTEMPATH\Database\BaseConnection.php on line 647.
 1 APPPATH\Controllers\Productos.php(84): CodeIgniter\Database\BaseConnection->query('SELECT p.*, c.nombre_categoria as nombre_categoria FROM productos p LEFT JOIN categorias c ON p.idcategoria = c.id_categoria LIMIT 0, 10')
 2 SYSTEMPATH\CodeIgniter.php(942): App\Controllers\Productos->ajaxListarProductos()
 3 SYSTEMPATH\CodeIgniter.php(502): CodeIgniter\CodeIgniter->runController(Object(App\Controllers\Productos))
 4 SYSTEMPATH\CodeIgniter.php(361): CodeIgniter\CodeIgniter->handleRequest(null, Object(Config\Cache), false)
 5 FCPATH\index.php(79): CodeIgniter\CodeIgniter->run()
