CRITICAL - 2023-12-01 21:12:38 --> Undefined variable $titulo
in APPPATH\Views\unidades_medida\new.php on line 9.
 1 APPPATH\Views\unidades_medida\new.php(9): CodeIgniter\Debug\Exceptions->errorHandler(2, 'Undefined variable $titulo', 'C:\\laragon\\www\\pos\\app\\Views\\unidades_medida\\new.php', 9)
 2 SYSTEMPATH\View\View.php(228): include('C:\\laragon\\www\\pos\\app\\Views\\unidades_medida\\new.php')
 3 SYSTEMPATH\View\View.php(231): CodeIgniter\View\View->CodeIgniter\View\{closure}()
 4 SYSTEMPATH\Common.php(1190): CodeIgniter\View\View->render('unidades_medida/new', [], true)
 5 APPPATH\Controllers\Unidades.php(37): view('unidades_medida/new')
 6 SYSTEMPATH\CodeIgniter.php(942): App\Controllers\Unidades->new()
 7 SYSTEMPATH\CodeIgniter.php(502): CodeIgniter\CodeIgniter->runController(Object(App\Controllers\Unidades))
 8 SYSTEMPATH\CodeIgniter.php(361): CodeIgniter\CodeIgniter->handleRequest(null, Object(Config\Cache), false)
 9 FCPATH\index.php(79): CodeIgniter\CodeIgniter->run()
CRITICAL - 2023-12-01 21:15:18 --> syntax error, unexpected end of file
in APPPATH\Config\Routes.php on line 13.
 1 SYSTEMPATH\CodeIgniter.php(810): CodeIgniter\Router\RouteCollection->loadRoutes()
 2 SYSTEMPATH\CodeIgniter.php(450): CodeIgniter\CodeIgniter->tryToRouteIt(null)
 3 SYSTEMPATH\CodeIgniter.php(361): CodeIgniter\CodeIgniter->handleRequest(null, Object(Config\Cache), false)
 4 FCPATH\index.php(79): CodeIgniter\CodeIgniter->run()
CRITICAL - 2023-12-01 22:11:33 --> Too few arguments to function App\Controllers\Unidades::edit(), 0 passed in C:\laragon\www\pos\system\CodeIgniter.php on line 942 and exactly 1 expected
in APPPATH\Controllers\Unidades.php on line 56.
 1 SYSTEMPATH\CodeIgniter.php(942): App\Controllers\Unidades->edit()
 2 SYSTEMPATH\CodeIgniter.php(502): CodeIgniter\CodeIgniter->runController(Object(App\Controllers\Unidades))
 3 SYSTEMPATH\CodeIgniter.php(361): CodeIgniter\CodeIgniter->handleRequest(null, Object(Config\Cache), false)
 4 FCPATH\index.php(79): CodeIgniter\CodeIgniter->run()
