CRITICAL - 2023-12-04 22:04:50 --> Undefined array key "categoria"
in APPPATH\Views\productos\list.php on line 115.
 1 APPPATH\Views\productos\list.php(115): CodeIgniter\Debug\Exceptions->errorHandler(2, 'Undefined array key "categoria"', 'C:\\laragon\\www\\pos\\app\\Views\\productos\\list.php', 115)
 2 SYSTEMPATH\View\View.php(228): include('C:\\laragon\\www\\pos\\app\\Views\\productos\\list.php')
 3 SYSTEMPATH\View\View.php(231): CodeIgniter\View\View->CodeIgniter\View\{closure}()
 4 SYSTEMPATH\Common.php(1190): CodeIgniter\View\View->render('productos/list', [], true)
 5 APPPATH\Controllers\Productos.php(30): view('productos/list', [...])
 6 SYSTEMPATH\CodeIgniter.php(942): App\Controllers\Productos->Index()
 7 SYSTEMPATH\CodeIgniter.php(502): CodeIgniter\CodeIgniter->runController(Object(App\Controllers\Productos))
 8 SYSTEMPATH\CodeIgniter.php(361): CodeIgniter\CodeIgniter->handleRequest(null, Object(Config\Cache), false)
 9 FCPATH\index.php(79): CodeIgniter\CodeIgniter->run()
CRITICAL - 2023-12-04 22:05:10 --> Undefined array key "utilidad"
in APPPATH\Views\productos\list.php on line 119.
 1 APPPATH\Views\productos\list.php(119): CodeIgniter\Debug\Exceptions->errorHandler(2, 'Undefined array key "utilidad"', 'C:\\laragon\\www\\pos\\app\\Views\\productos\\list.php', 119)
 2 SYSTEMPATH\View\View.php(228): include('C:\\laragon\\www\\pos\\app\\Views\\productos\\list.php')
 3 SYSTEMPATH\View\View.php(231): CodeIgniter\View\View->CodeIgniter\View\{closure}()
 4 SYSTEMPATH\Common.php(1190): CodeIgniter\View\View->render('productos/list', [], true)
 5 APPPATH\Controllers\Productos.php(30): view('productos/list', [...])
 6 SYSTEMPATH\CodeIgniter.php(942): App\Controllers\Productos->Index()
 7 SYSTEMPATH\CodeIgniter.php(502): CodeIgniter\CodeIgniter->runController(Object(App\Controllers\Productos))
 8 SYSTEMPATH\CodeIgniter.php(361): CodeIgniter\CodeIgniter->handleRequest(null, Object(Config\Cache), false)
 9 FCPATH\index.php(79): CodeIgniter\CodeIgniter->run()
CRITICAL - 2023-12-04 22:05:14 --> Undefined array key "utilidad"
in APPPATH\Views\productos\list.php on line 119.
 1 APPPATH\Views\productos\list.php(119): CodeIgniter\Debug\Exceptions->errorHandler(2, 'Undefined array key "utilidad"', 'C:\\laragon\\www\\pos\\app\\Views\\productos\\list.php', 119)
 2 SYSTEMPATH\View\View.php(228): include('C:\\laragon\\www\\pos\\app\\Views\\productos\\list.php')
 3 SYSTEMPATH\View\View.php(231): CodeIgniter\View\View->CodeIgniter\View\{closure}()
 4 SYSTEMPATH\Common.php(1190): CodeIgniter\View\View->render('productos/list', [], true)
 5 APPPATH\Controllers\Productos.php(30): view('productos/list', [...])
 6 SYSTEMPATH\CodeIgniter.php(942): App\Controllers\Productos->Index()
 7 SYSTEMPATH\CodeIgniter.php(502): CodeIgniter\CodeIgniter->runController(Object(App\Controllers\Productos))
 8 SYSTEMPATH\CodeIgniter.php(361): CodeIgniter\CodeIgniter->handleRequest(null, Object(Config\Cache), false)
 9 FCPATH\index.php(79): CodeIgniter\CodeIgniter->run()
CRITICAL - 2023-12-04 22:06:02 --> Undefined array key "id_uni_medida"
in APPPATH\Views\productos\list.php on line 122.
 1 APPPATH\Views\productos\list.php(122): CodeIgniter\Debug\Exceptions->errorHandler(2, 'Undefined array key "id_uni_medida"', 'C:\\laragon\\www\\pos\\app\\Views\\productos\\list.php', 122)
 2 SYSTEMPATH\View\View.php(228): include('C:\\laragon\\www\\pos\\app\\Views\\productos\\list.php')
 3 SYSTEMPATH\View\View.php(231): CodeIgniter\View\View->CodeIgniter\View\{closure}()
 4 SYSTEMPATH\Common.php(1190): CodeIgniter\View\View->render('productos/list', [], true)
 5 APPPATH\Controllers\Productos.php(30): view('productos/list', [...])
 6 SYSTEMPATH\CodeIgniter.php(942): App\Controllers\Productos->Index()
 7 SYSTEMPATH\CodeIgniter.php(502): CodeIgniter\CodeIgniter->runController(Object(App\Controllers\Productos))
 8 SYSTEMPATH\CodeIgniter.php(361): CodeIgniter\CodeIgniter->handleRequest(null, Object(Config\Cache), false)
 9 FCPATH\index.php(79): CodeIgniter\CodeIgniter->run()
CRITICAL - 2023-12-04 22:10:18 --> Undefined array key "update_at"
in APPPATH\Views\productos\list.php on line 124.
 1 APPPATH\Views\productos\list.php(124): CodeIgniter\Debug\Exceptions->errorHandler(2, 'Undefined array key "update_at"', 'C:\\laragon\\www\\pos\\app\\Views\\productos\\list.php', 124)
 2 SYSTEMPATH\View\View.php(228): include('C:\\laragon\\www\\pos\\app\\Views\\productos\\list.php')
 3 SYSTEMPATH\View\View.php(231): CodeIgniter\View\View->CodeIgniter\View\{closure}()
 4 SYSTEMPATH\Common.php(1190): CodeIgniter\View\View->render('productos/list', [], true)
 5 APPPATH\Controllers\Productos.php(30): view('productos/list', [...])
 6 SYSTEMPATH\CodeIgniter.php(942): App\Controllers\Productos->Index()
 7 SYSTEMPATH\CodeIgniter.php(502): CodeIgniter\CodeIgniter->runController(Object(App\Controllers\Productos))
 8 SYSTEMPATH\CodeIgniter.php(361): CodeIgniter\CodeIgniter->handleRequest(null, Object(Config\Cache), false)
 9 FCPATH\index.php(79): CodeIgniter\CodeIgniter->run()
