WARNING - 2024-03-04 08:11:45 --> [DEPRECATED] Optional parameter $isUpdate declared before required parameter $img is implicitly treated as a required parameter in APPPATH\Controllers\Gerencia\Empresa.php on line 97.
 1 SYSTEMPATH\Autoloader\Autoloader.php(312): include_once('C:\\laragon\\www\\pos\\system\\Debug\\Exceptions.php')
 2 SYSTEMPATH\Autoloader\Autoloader.php(291): CodeIgniter\Autoloader\Autoloader->includeFile('C:\\laragon\\www\\pos\\app\\Controllers\\Gerencia\\Empresa.php')
 3 SYSTEMPATH\Autoloader\Autoloader.php(269): CodeIgniter\Autoloader\Autoloader->loadInNamespace('App\\Controllers\\Gerencia\\Empresa')
 4 [internal function]: CodeIgniter\Autoloader\Autoloader->loadClass('App\\Controllers\\Gerencia\\Empresa')
 5 SYSTEMPATH\CodeIgniter.php(900): class_exists('\\App\\Controllers\\Gerencia\\Empresa', true)
 6 SYSTEMPATH\CodeIgniter.php(489): CodeIgniter\CodeIgniter->startController()
 7 SYSTEMPATH\CodeIgniter.php(361): CodeIgniter\CodeIgniter->handleRequest(null, Object(Config\Cache), false)
 8 FCPATH\index.php(79): CodeIgniter\CodeIgniter->run()
WARNING - 2024-03-04 08:11:49 --> [DEPRECATED] Optional parameter $isUpdate declared before required parameter $img is implicitly treated as a required parameter in APPPATH\Controllers\Gerencia\Empresa.php on line 97.
 1 SYSTEMPATH\Autoloader\Autoloader.php(312): include_once('C:\\laragon\\www\\pos\\system\\Debug\\Exceptions.php')
 2 SYSTEMPATH\Autoloader\Autoloader.php(291): CodeIgniter\Autoloader\Autoloader->includeFile('C:\\laragon\\www\\pos\\app\\Controllers\\Gerencia\\Empresa.php')
 3 SYSTEMPATH\Autoloader\Autoloader.php(269): CodeIgniter\Autoloader\Autoloader->loadInNamespace('App\\Controllers\\Gerencia\\Empresa')
 4 [internal function]: CodeIgniter\Autoloader\Autoloader->loadClass('App\\Controllers\\Gerencia\\Empresa')
 5 SYSTEMPATH\CodeIgniter.php(900): class_exists('\\App\\Controllers\\Gerencia\\Empresa', true)
 6 SYSTEMPATH\CodeIgniter.php(489): CodeIgniter\CodeIgniter->startController()
 7 SYSTEMPATH\CodeIgniter.php(361): CodeIgniter\CodeIgniter->handleRequest(null, Object(Config\Cache), false)
 8 FCPATH\index.php(79): CodeIgniter\CodeIgniter->run()
WARNING - 2024-03-04 08:11:51 --> [DEPRECATED] Optional parameter $isUpdate declared before required parameter $img is implicitly treated as a required parameter in APPPATH\Controllers\Gerencia\Empresa.php on line 97.
 1 SYSTEMPATH\Autoloader\Autoloader.php(312): include_once('C:\\laragon\\www\\pos\\system\\Debug\\Exceptions.php')
 2 SYSTEMPATH\Autoloader\Autoloader.php(291): CodeIgniter\Autoloader\Autoloader->includeFile('C:\\laragon\\www\\pos\\app\\Controllers\\Gerencia\\Empresa.php')
 3 SYSTEMPATH\Autoloader\Autoloader.php(269): CodeIgniter\Autoloader\Autoloader->loadInNamespace('App\\Controllers\\Gerencia\\Empresa')
 4 [internal function]: CodeIgniter\Autoloader\Autoloader->loadClass('App\\Controllers\\Gerencia\\Empresa')
 5 SYSTEMPATH\CodeIgniter.php(900): class_exists('\\App\\Controllers\\Gerencia\\Empresa', true)
 6 SYSTEMPATH\CodeIgniter.php(489): CodeIgniter\CodeIgniter->startController()
 7 SYSTEMPATH\CodeIgniter.php(361): CodeIgniter\CodeIgniter->handleRequest(null, Object(Config\Cache), false)
 8 FCPATH\index.php(79): CodeIgniter\CodeIgniter->run()
WARNING - 2024-03-04 08:11:52 --> [DEPRECATED] Optional parameter $isUpdate declared before required parameter $img is implicitly treated as a required parameter in APPPATH\Controllers\Gerencia\Empresa.php on line 97.
 1 SYSTEMPATH\Autoloader\Autoloader.php(312): include_once('C:\\laragon\\www\\pos\\system\\Debug\\Exceptions.php')
 2 SYSTEMPATH\Autoloader\Autoloader.php(291): CodeIgniter\Autoloader\Autoloader->includeFile('C:\\laragon\\www\\pos\\app\\Controllers\\Gerencia\\Empresa.php')
 3 SYSTEMPATH\Autoloader\Autoloader.php(269): CodeIgniter\Autoloader\Autoloader->loadInNamespace('App\\Controllers\\Gerencia\\Empresa')
 4 [internal function]: CodeIgniter\Autoloader\Autoloader->loadClass('App\\Controllers\\Gerencia\\Empresa')
 5 SYSTEMPATH\CodeIgniter.php(900): class_exists('\\App\\Controllers\\Gerencia\\Empresa', true)
 6 SYSTEMPATH\CodeIgniter.php(489): CodeIgniter\CodeIgniter->startController()
 7 SYSTEMPATH\CodeIgniter.php(361): CodeIgniter\CodeIgniter->handleRequest(null, Object(Config\Cache), false)
 8 FCPATH\index.php(79): CodeIgniter\CodeIgniter->run()
WARNING - 2024-03-04 08:13:15 --> [DEPRECATED] Optional parameter $isUpdate declared before required parameter $img is implicitly treated as a required parameter in APPPATH\Controllers\Gerencia\Empresa.php on line 97.
 1 SYSTEMPATH\Autoloader\Autoloader.php(312): include_once('C:\\laragon\\www\\pos\\system\\Debug\\Exceptions.php')
 2 SYSTEMPATH\Autoloader\Autoloader.php(291): CodeIgniter\Autoloader\Autoloader->includeFile('C:\\laragon\\www\\pos\\app\\Controllers\\Gerencia\\Empresa.php')
 3 SYSTEMPATH\Autoloader\Autoloader.php(269): CodeIgniter\Autoloader\Autoloader->loadInNamespace('App\\Controllers\\Gerencia\\Empresa')
 4 [internal function]: CodeIgniter\Autoloader\Autoloader->loadClass('App\\Controllers\\Gerencia\\Empresa')
 5 SYSTEMPATH\CodeIgniter.php(900): class_exists('\\App\\Controllers\\Gerencia\\Empresa', true)
 6 SYSTEMPATH\CodeIgniter.php(489): CodeIgniter\CodeIgniter->startController()
 7 SYSTEMPATH\CodeIgniter.php(361): CodeIgniter\CodeIgniter->handleRequest(null, Object(Config\Cache), false)
 8 FCPATH\index.php(79): CodeIgniter\CodeIgniter->run()
WARNING - 2024-03-04 08:13:19 --> [DEPRECATED] Optional parameter $isUpdate declared before required parameter $img is implicitly treated as a required parameter in APPPATH\Controllers\Gerencia\Empresa.php on line 97.
 1 SYSTEMPATH\Autoloader\Autoloader.php(312): include_once('C:\\laragon\\www\\pos\\system\\Debug\\Exceptions.php')
 2 SYSTEMPATH\Autoloader\Autoloader.php(291): CodeIgniter\Autoloader\Autoloader->includeFile('C:\\laragon\\www\\pos\\app\\Controllers\\Gerencia\\Empresa.php')
 3 SYSTEMPATH\Autoloader\Autoloader.php(269): CodeIgniter\Autoloader\Autoloader->loadInNamespace('App\\Controllers\\Gerencia\\Empresa')
 4 [internal function]: CodeIgniter\Autoloader\Autoloader->loadClass('App\\Controllers\\Gerencia\\Empresa')
 5 SYSTEMPATH\CodeIgniter.php(900): class_exists('\\App\\Controllers\\Gerencia\\Empresa', true)
 6 SYSTEMPATH\CodeIgniter.php(489): CodeIgniter\CodeIgniter->startController()
 7 SYSTEMPATH\CodeIgniter.php(361): CodeIgniter\CodeIgniter->handleRequest(null, Object(Config\Cache), false)
 8 FCPATH\index.php(79): CodeIgniter\CodeIgniter->run()
WARNING - 2024-03-04 08:13:22 --> [DEPRECATED] Optional parameter $isUpdate declared before required parameter $img is implicitly treated as a required parameter in APPPATH\Controllers\Gerencia\Empresa.php on line 97.
 1 SYSTEMPATH\Autoloader\Autoloader.php(312): include_once('C:\\laragon\\www\\pos\\system\\Debug\\Exceptions.php')
 2 SYSTEMPATH\Autoloader\Autoloader.php(291): CodeIgniter\Autoloader\Autoloader->includeFile('C:\\laragon\\www\\pos\\app\\Controllers\\Gerencia\\Empresa.php')
 3 SYSTEMPATH\Autoloader\Autoloader.php(269): CodeIgniter\Autoloader\Autoloader->loadInNamespace('App\\Controllers\\Gerencia\\Empresa')
 4 [internal function]: CodeIgniter\Autoloader\Autoloader->loadClass('App\\Controllers\\Gerencia\\Empresa')
 5 SYSTEMPATH\CodeIgniter.php(900): class_exists('\\App\\Controllers\\Gerencia\\Empresa', true)
 6 SYSTEMPATH\CodeIgniter.php(489): CodeIgniter\CodeIgniter->startController()
 7 SYSTEMPATH\CodeIgniter.php(361): CodeIgniter\CodeIgniter->handleRequest(null, Object(Config\Cache), false)
 8 FCPATH\index.php(79): CodeIgniter\CodeIgniter->run()
WARNING - 2024-03-04 08:13:23 --> [DEPRECATED] Optional parameter $isUpdate declared before required parameter $img is implicitly treated as a required parameter in APPPATH\Controllers\Gerencia\Empresa.php on line 97.
 1 SYSTEMPATH\Autoloader\Autoloader.php(312): include_once('C:\\laragon\\www\\pos\\system\\Debug\\Exceptions.php')
 2 SYSTEMPATH\Autoloader\Autoloader.php(291): CodeIgniter\Autoloader\Autoloader->includeFile('C:\\laragon\\www\\pos\\app\\Controllers\\Gerencia\\Empresa.php')
 3 SYSTEMPATH\Autoloader\Autoloader.php(269): CodeIgniter\Autoloader\Autoloader->loadInNamespace('App\\Controllers\\Gerencia\\Empresa')
 4 [internal function]: CodeIgniter\Autoloader\Autoloader->loadClass('App\\Controllers\\Gerencia\\Empresa')
 5 SYSTEMPATH\CodeIgniter.php(900): class_exists('\\App\\Controllers\\Gerencia\\Empresa', true)
 6 SYSTEMPATH\CodeIgniter.php(489): CodeIgniter\CodeIgniter->startController()
 7 SYSTEMPATH\CodeIgniter.php(361): CodeIgniter\CodeIgniter->handleRequest(null, Object(Config\Cache), false)
 8 FCPATH\index.php(79): CodeIgniter\CodeIgniter->run()
WARNING - 2024-03-04 08:13:29 --> [DEPRECATED] Optional parameter $isUpdate declared before required parameter $img is implicitly treated as a required parameter in APPPATH\Controllers\Gerencia\Empresa.php on line 97.
 1 SYSTEMPATH\Autoloader\Autoloader.php(312): include_once('C:\\laragon\\www\\pos\\system\\Debug\\Exceptions.php')
 2 SYSTEMPATH\Autoloader\Autoloader.php(291): CodeIgniter\Autoloader\Autoloader->includeFile('C:\\laragon\\www\\pos\\app\\Controllers\\Gerencia\\Empresa.php')
 3 SYSTEMPATH\Autoloader\Autoloader.php(269): CodeIgniter\Autoloader\Autoloader->loadInNamespace('App\\Controllers\\Gerencia\\Empresa')
 4 [internal function]: CodeIgniter\Autoloader\Autoloader->loadClass('App\\Controllers\\Gerencia\\Empresa')
 5 SYSTEMPATH\CodeIgniter.php(900): class_exists('\\App\\Controllers\\Gerencia\\Empresa', true)
 6 SYSTEMPATH\CodeIgniter.php(489): CodeIgniter\CodeIgniter->startController()
 7 SYSTEMPATH\CodeIgniter.php(361): CodeIgniter\CodeIgniter->handleRequest(null, Object(Config\Cache), false)
 8 FCPATH\index.php(79): CodeIgniter\CodeIgniter->run()
WARNING - 2024-03-04 08:13:29 --> [DEPRECATED] Optional parameter $isUpdate declared before required parameter $img is implicitly treated as a required parameter in APPPATH\Controllers\Gerencia\Empresa.php on line 97.
 1 SYSTEMPATH\Autoloader\Autoloader.php(312): include_once('C:\\laragon\\www\\pos\\system\\Debug\\Exceptions.php')
 2 SYSTEMPATH\Autoloader\Autoloader.php(291): CodeIgniter\Autoloader\Autoloader->includeFile('C:\\laragon\\www\\pos\\app\\Controllers\\Gerencia\\Empresa.php')
 3 SYSTEMPATH\Autoloader\Autoloader.php(269): CodeIgniter\Autoloader\Autoloader->loadInNamespace('App\\Controllers\\Gerencia\\Empresa')
 4 [internal function]: CodeIgniter\Autoloader\Autoloader->loadClass('App\\Controllers\\Gerencia\\Empresa')
 5 SYSTEMPATH\CodeIgniter.php(900): class_exists('\\App\\Controllers\\Gerencia\\Empresa', true)
 6 SYSTEMPATH\CodeIgniter.php(489): CodeIgniter\CodeIgniter->startController()
 7 SYSTEMPATH\CodeIgniter.php(361): CodeIgniter\CodeIgniter->handleRequest(null, Object(Config\Cache), false)
 8 FCPATH\index.php(79): CodeIgniter\CodeIgniter->run()
WARNING - 2024-03-04 08:14:10 --> [DEPRECATED] Optional parameter $isUpdate declared before required parameter $img is implicitly treated as a required parameter in APPPATH\Controllers\Gerencia\Empresa.php on line 97.
 1 SYSTEMPATH\Autoloader\Autoloader.php(312): include_once('C:\\laragon\\www\\pos\\system\\Debug\\Exceptions.php')
 2 SYSTEMPATH\Autoloader\Autoloader.php(291): CodeIgniter\Autoloader\Autoloader->includeFile('C:\\laragon\\www\\pos\\app\\Controllers\\Gerencia\\Empresa.php')
 3 SYSTEMPATH\Autoloader\Autoloader.php(269): CodeIgniter\Autoloader\Autoloader->loadInNamespace('App\\Controllers\\Gerencia\\Empresa')
 4 [internal function]: CodeIgniter\Autoloader\Autoloader->loadClass('App\\Controllers\\Gerencia\\Empresa')
 5 SYSTEMPATH\CodeIgniter.php(900): class_exists('\\App\\Controllers\\Gerencia\\Empresa', true)
 6 SYSTEMPATH\CodeIgniter.php(489): CodeIgniter\CodeIgniter->startController()
 7 SYSTEMPATH\CodeIgniter.php(361): CodeIgniter\CodeIgniter->handleRequest(null, Object(Config\Cache), false)
 8 FCPATH\index.php(79): CodeIgniter\CodeIgniter->run()
WARNING - 2024-03-04 08:14:13 --> [DEPRECATED] Optional parameter $isUpdate declared before required parameter $img is implicitly treated as a required parameter in APPPATH\Controllers\Gerencia\Empresa.php on line 97.
 1 SYSTEMPATH\Autoloader\Autoloader.php(312): include_once('C:\\laragon\\www\\pos\\system\\Debug\\Exceptions.php')
 2 SYSTEMPATH\Autoloader\Autoloader.php(291): CodeIgniter\Autoloader\Autoloader->includeFile('C:\\laragon\\www\\pos\\app\\Controllers\\Gerencia\\Empresa.php')
 3 SYSTEMPATH\Autoloader\Autoloader.php(269): CodeIgniter\Autoloader\Autoloader->loadInNamespace('App\\Controllers\\Gerencia\\Empresa')
 4 [internal function]: CodeIgniter\Autoloader\Autoloader->loadClass('App\\Controllers\\Gerencia\\Empresa')
 5 SYSTEMPATH\CodeIgniter.php(900): class_exists('\\App\\Controllers\\Gerencia\\Empresa', true)
 6 SYSTEMPATH\CodeIgniter.php(489): CodeIgniter\CodeIgniter->startController()
 7 SYSTEMPATH\CodeIgniter.php(361): CodeIgniter\CodeIgniter->handleRequest(null, Object(Config\Cache), false)
 8 FCPATH\index.php(79): CodeIgniter\CodeIgniter->run()
WARNING - 2024-03-04 08:14:16 --> [DEPRECATED] Optional parameter $isUpdate declared before required parameter $img is implicitly treated as a required parameter in APPPATH\Controllers\Gerencia\Empresa.php on line 97.
 1 SYSTEMPATH\Autoloader\Autoloader.php(312): include_once('C:\\laragon\\www\\pos\\system\\Debug\\Exceptions.php')
 2 SYSTEMPATH\Autoloader\Autoloader.php(291): CodeIgniter\Autoloader\Autoloader->includeFile('C:\\laragon\\www\\pos\\app\\Controllers\\Gerencia\\Empresa.php')
 3 SYSTEMPATH\Autoloader\Autoloader.php(269): CodeIgniter\Autoloader\Autoloader->loadInNamespace('App\\Controllers\\Gerencia\\Empresa')
 4 [internal function]: CodeIgniter\Autoloader\Autoloader->loadClass('App\\Controllers\\Gerencia\\Empresa')
 5 SYSTEMPATH\CodeIgniter.php(900): class_exists('\\App\\Controllers\\Gerencia\\Empresa', true)
 6 SYSTEMPATH\CodeIgniter.php(489): CodeIgniter\CodeIgniter->startController()
 7 SYSTEMPATH\CodeIgniter.php(361): CodeIgniter\CodeIgniter->handleRequest(null, Object(Config\Cache), false)
 8 FCPATH\index.php(79): CodeIgniter\CodeIgniter->run()
WARNING - 2024-03-04 08:14:16 --> [DEPRECATED] Optional parameter $isUpdate declared before required parameter $img is implicitly treated as a required parameter in APPPATH\Controllers\Gerencia\Empresa.php on line 97.
 1 SYSTEMPATH\Autoloader\Autoloader.php(312): include_once('C:\\laragon\\www\\pos\\system\\Debug\\Exceptions.php')
 2 SYSTEMPATH\Autoloader\Autoloader.php(291): CodeIgniter\Autoloader\Autoloader->includeFile('C:\\laragon\\www\\pos\\app\\Controllers\\Gerencia\\Empresa.php')
 3 SYSTEMPATH\Autoloader\Autoloader.php(269): CodeIgniter\Autoloader\Autoloader->loadInNamespace('App\\Controllers\\Gerencia\\Empresa')
 4 [internal function]: CodeIgniter\Autoloader\Autoloader->loadClass('App\\Controllers\\Gerencia\\Empresa')
 5 SYSTEMPATH\CodeIgniter.php(900): class_exists('\\App\\Controllers\\Gerencia\\Empresa', true)
 6 SYSTEMPATH\CodeIgniter.php(489): CodeIgniter\CodeIgniter->startController()
 7 SYSTEMPATH\CodeIgniter.php(361): CodeIgniter\CodeIgniter->handleRequest(null, Object(Config\Cache), false)
 8 FCPATH\index.php(79): CodeIgniter\CodeIgniter->run()
WARNING - 2024-03-04 08:14:21 --> [DEPRECATED] Optional parameter $isUpdate declared before required parameter $img is implicitly treated as a required parameter in APPPATH\Controllers\Gerencia\Empresa.php on line 97.
 1 SYSTEMPATH\Autoloader\Autoloader.php(312): include_once('C:\\laragon\\www\\pos\\system\\Debug\\Exceptions.php')
 2 SYSTEMPATH\Autoloader\Autoloader.php(291): CodeIgniter\Autoloader\Autoloader->includeFile('C:\\laragon\\www\\pos\\app\\Controllers\\Gerencia\\Empresa.php')
 3 SYSTEMPATH\Autoloader\Autoloader.php(269): CodeIgniter\Autoloader\Autoloader->loadInNamespace('App\\Controllers\\Gerencia\\Empresa')
 4 [internal function]: CodeIgniter\Autoloader\Autoloader->loadClass('App\\Controllers\\Gerencia\\Empresa')
 5 SYSTEMPATH\CodeIgniter.php(900): class_exists('\\App\\Controllers\\Gerencia\\Empresa', true)
 6 SYSTEMPATH\CodeIgniter.php(489): CodeIgniter\CodeIgniter->startController()
 7 SYSTEMPATH\CodeIgniter.php(361): CodeIgniter\CodeIgniter->handleRequest(null, Object(Config\Cache), false)
 8 FCPATH\index.php(79): CodeIgniter\CodeIgniter->run()
WARNING - 2024-03-04 08:14:22 --> [DEPRECATED] Optional parameter $isUpdate declared before required parameter $img is implicitly treated as a required parameter in APPPATH\Controllers\Gerencia\Empresa.php on line 97.
 1 SYSTEMPATH\Autoloader\Autoloader.php(312): include_once('C:\\laragon\\www\\pos\\system\\Debug\\Exceptions.php')
 2 SYSTEMPATH\Autoloader\Autoloader.php(291): CodeIgniter\Autoloader\Autoloader->includeFile('C:\\laragon\\www\\pos\\app\\Controllers\\Gerencia\\Empresa.php')
 3 SYSTEMPATH\Autoloader\Autoloader.php(269): CodeIgniter\Autoloader\Autoloader->loadInNamespace('App\\Controllers\\Gerencia\\Empresa')
 4 [internal function]: CodeIgniter\Autoloader\Autoloader->loadClass('App\\Controllers\\Gerencia\\Empresa')
 5 SYSTEMPATH\CodeIgniter.php(900): class_exists('\\App\\Controllers\\Gerencia\\Empresa', true)
 6 SYSTEMPATH\CodeIgniter.php(489): CodeIgniter\CodeIgniter->startController()
 7 SYSTEMPATH\CodeIgniter.php(361): CodeIgniter\CodeIgniter->handleRequest(null, Object(Config\Cache), false)
 8 FCPATH\index.php(79): CodeIgniter\CodeIgniter->run()
WARNING - 2024-03-04 08:14:24 --> [DEPRECATED] Optional parameter $isUpdate declared before required parameter $img is implicitly treated as a required parameter in APPPATH\Controllers\Gerencia\Empresa.php on line 97.
 1 SYSTEMPATH\Autoloader\Autoloader.php(312): include_once('C:\\laragon\\www\\pos\\system\\Debug\\Exceptions.php')
 2 SYSTEMPATH\Autoloader\Autoloader.php(291): CodeIgniter\Autoloader\Autoloader->includeFile('C:\\laragon\\www\\pos\\app\\Controllers\\Gerencia\\Empresa.php')
 3 SYSTEMPATH\Autoloader\Autoloader.php(269): CodeIgniter\Autoloader\Autoloader->loadInNamespace('App\\Controllers\\Gerencia\\Empresa')
 4 [internal function]: CodeIgniter\Autoloader\Autoloader->loadClass('App\\Controllers\\Gerencia\\Empresa')
 5 SYSTEMPATH\CodeIgniter.php(900): class_exists('\\App\\Controllers\\Gerencia\\Empresa', true)
 6 SYSTEMPATH\CodeIgniter.php(489): CodeIgniter\CodeIgniter->startController()
 7 SYSTEMPATH\CodeIgniter.php(361): CodeIgniter\CodeIgniter->handleRequest(null, Object(Config\Cache), false)
 8 FCPATH\index.php(79): CodeIgniter\CodeIgniter->run()
WARNING - 2024-03-04 08:14:25 --> [DEPRECATED] Optional parameter $isUpdate declared before required parameter $img is implicitly treated as a required parameter in APPPATH\Controllers\Gerencia\Empresa.php on line 97.
 1 SYSTEMPATH\Autoloader\Autoloader.php(312): include_once('C:\\laragon\\www\\pos\\system\\Debug\\Exceptions.php')
 2 SYSTEMPATH\Autoloader\Autoloader.php(291): CodeIgniter\Autoloader\Autoloader->includeFile('C:\\laragon\\www\\pos\\app\\Controllers\\Gerencia\\Empresa.php')
 3 SYSTEMPATH\Autoloader\Autoloader.php(269): CodeIgniter\Autoloader\Autoloader->loadInNamespace('App\\Controllers\\Gerencia\\Empresa')
 4 [internal function]: CodeIgniter\Autoloader\Autoloader->loadClass('App\\Controllers\\Gerencia\\Empresa')
 5 SYSTEMPATH\CodeIgniter.php(900): class_exists('\\App\\Controllers\\Gerencia\\Empresa', true)
 6 SYSTEMPATH\CodeIgniter.php(489): CodeIgniter\CodeIgniter->startController()
 7 SYSTEMPATH\CodeIgniter.php(361): CodeIgniter\CodeIgniter->handleRequest(null, Object(Config\Cache), false)
 8 FCPATH\index.php(79): CodeIgniter\CodeIgniter->run()
WARNING - 2024-03-04 08:16:56 --> [DEPRECATED] Optional parameter $isUpdate declared before required parameter $img is implicitly treated as a required parameter in APPPATH\Controllers\Gerencia\Empresa.php on line 97.
 1 SYSTEMPATH\Autoloader\Autoloader.php(312): include_once('C:\\laragon\\www\\pos\\system\\Debug\\Exceptions.php')
 2 SYSTEMPATH\Autoloader\Autoloader.php(291): CodeIgniter\Autoloader\Autoloader->includeFile('C:\\laragon\\www\\pos\\app\\Controllers\\Gerencia\\Empresa.php')
 3 SYSTEMPATH\Autoloader\Autoloader.php(269): CodeIgniter\Autoloader\Autoloader->loadInNamespace('App\\Controllers\\Gerencia\\Empresa')
 4 [internal function]: CodeIgniter\Autoloader\Autoloader->loadClass('App\\Controllers\\Gerencia\\Empresa')
 5 SYSTEMPATH\CodeIgniter.php(900): class_exists('\\App\\Controllers\\Gerencia\\Empresa', true)
 6 SYSTEMPATH\CodeIgniter.php(489): CodeIgniter\CodeIgniter->startController()
 7 SYSTEMPATH\CodeIgniter.php(361): CodeIgniter\CodeIgniter->handleRequest(null, Object(Config\Cache), false)
 8 FCPATH\index.php(79): CodeIgniter\CodeIgniter->run()
WARNING - 2024-03-04 08:16:57 --> [DEPRECATED] Optional parameter $isUpdate declared before required parameter $img is implicitly treated as a required parameter in APPPATH\Controllers\Gerencia\Empresa.php on line 97.
 1 SYSTEMPATH\Autoloader\Autoloader.php(312): include_once('C:\\laragon\\www\\pos\\system\\Debug\\Exceptions.php')
 2 SYSTEMPATH\Autoloader\Autoloader.php(291): CodeIgniter\Autoloader\Autoloader->includeFile('C:\\laragon\\www\\pos\\app\\Controllers\\Gerencia\\Empresa.php')
 3 SYSTEMPATH\Autoloader\Autoloader.php(269): CodeIgniter\Autoloader\Autoloader->loadInNamespace('App\\Controllers\\Gerencia\\Empresa')
 4 [internal function]: CodeIgniter\Autoloader\Autoloader->loadClass('App\\Controllers\\Gerencia\\Empresa')
 5 SYSTEMPATH\CodeIgniter.php(900): class_exists('\\App\\Controllers\\Gerencia\\Empresa', true)
 6 SYSTEMPATH\CodeIgniter.php(489): CodeIgniter\CodeIgniter->startController()
 7 SYSTEMPATH\CodeIgniter.php(361): CodeIgniter\CodeIgniter->handleRequest(null, Object(Config\Cache), false)
 8 FCPATH\index.php(79): CodeIgniter\CodeIgniter->run()
WARNING - 2024-03-04 08:17:00 --> [DEPRECATED] Optional parameter $isUpdate declared before required parameter $img is implicitly treated as a required parameter in APPPATH\Controllers\Gerencia\Empresa.php on line 97.
 1 SYSTEMPATH\Autoloader\Autoloader.php(312): include_once('C:\\laragon\\www\\pos\\system\\Debug\\Exceptions.php')
 2 SYSTEMPATH\Autoloader\Autoloader.php(291): CodeIgniter\Autoloader\Autoloader->includeFile('C:\\laragon\\www\\pos\\app\\Controllers\\Gerencia\\Empresa.php')
 3 SYSTEMPATH\Autoloader\Autoloader.php(269): CodeIgniter\Autoloader\Autoloader->loadInNamespace('App\\Controllers\\Gerencia\\Empresa')
 4 [internal function]: CodeIgniter\Autoloader\Autoloader->loadClass('App\\Controllers\\Gerencia\\Empresa')
 5 SYSTEMPATH\CodeIgniter.php(900): class_exists('\\App\\Controllers\\Gerencia\\Empresa', true)
 6 SYSTEMPATH\CodeIgniter.php(489): CodeIgniter\CodeIgniter->startController()
 7 SYSTEMPATH\CodeIgniter.php(361): CodeIgniter\CodeIgniter->handleRequest(null, Object(Config\Cache), false)
 8 FCPATH\index.php(79): CodeIgniter\CodeIgniter->run()
WARNING - 2024-03-04 08:17:01 --> [DEPRECATED] Optional parameter $isUpdate declared before required parameter $img is implicitly treated as a required parameter in APPPATH\Controllers\Gerencia\Empresa.php on line 97.
 1 SYSTEMPATH\Autoloader\Autoloader.php(312): include_once('C:\\laragon\\www\\pos\\system\\Debug\\Exceptions.php')
 2 SYSTEMPATH\Autoloader\Autoloader.php(291): CodeIgniter\Autoloader\Autoloader->includeFile('C:\\laragon\\www\\pos\\app\\Controllers\\Gerencia\\Empresa.php')
 3 SYSTEMPATH\Autoloader\Autoloader.php(269): CodeIgniter\Autoloader\Autoloader->loadInNamespace('App\\Controllers\\Gerencia\\Empresa')
 4 [internal function]: CodeIgniter\Autoloader\Autoloader->loadClass('App\\Controllers\\Gerencia\\Empresa')
 5 SYSTEMPATH\CodeIgniter.php(900): class_exists('\\App\\Controllers\\Gerencia\\Empresa', true)
 6 SYSTEMPATH\CodeIgniter.php(489): CodeIgniter\CodeIgniter->startController()
 7 SYSTEMPATH\CodeIgniter.php(361): CodeIgniter\CodeIgniter->handleRequest(null, Object(Config\Cache), false)
 8 FCPATH\index.php(79): CodeIgniter\CodeIgniter->run()
WARNING - 2024-03-04 08:17:08 --> [DEPRECATED] Optional parameter $isUpdate declared before required parameter $img is implicitly treated as a required parameter in APPPATH\Controllers\Gerencia\Empresa.php on line 97.
 1 SYSTEMPATH\Autoloader\Autoloader.php(312): include_once('C:\\laragon\\www\\pos\\system\\Debug\\Exceptions.php')
 2 SYSTEMPATH\Autoloader\Autoloader.php(291): CodeIgniter\Autoloader\Autoloader->includeFile('C:\\laragon\\www\\pos\\app\\Controllers\\Gerencia\\Empresa.php')
 3 SYSTEMPATH\Autoloader\Autoloader.php(269): CodeIgniter\Autoloader\Autoloader->loadInNamespace('App\\Controllers\\Gerencia\\Empresa')
 4 [internal function]: CodeIgniter\Autoloader\Autoloader->loadClass('App\\Controllers\\Gerencia\\Empresa')
 5 SYSTEMPATH\CodeIgniter.php(900): class_exists('\\App\\Controllers\\Gerencia\\Empresa', true)
 6 SYSTEMPATH\CodeIgniter.php(489): CodeIgniter\CodeIgniter->startController()
 7 SYSTEMPATH\CodeIgniter.php(361): CodeIgniter\CodeIgniter->handleRequest(null, Object(Config\Cache), false)
 8 FCPATH\index.php(79): CodeIgniter\CodeIgniter->run()
WARNING - 2024-03-04 08:17:09 --> [DEPRECATED] Optional parameter $isUpdate declared before required parameter $img is implicitly treated as a required parameter in APPPATH\Controllers\Gerencia\Empresa.php on line 97.
 1 SYSTEMPATH\Autoloader\Autoloader.php(312): include_once('C:\\laragon\\www\\pos\\system\\Debug\\Exceptions.php')
 2 SYSTEMPATH\Autoloader\Autoloader.php(291): CodeIgniter\Autoloader\Autoloader->includeFile('C:\\laragon\\www\\pos\\app\\Controllers\\Gerencia\\Empresa.php')
 3 SYSTEMPATH\Autoloader\Autoloader.php(269): CodeIgniter\Autoloader\Autoloader->loadInNamespace('App\\Controllers\\Gerencia\\Empresa')
 4 [internal function]: CodeIgniter\Autoloader\Autoloader->loadClass('App\\Controllers\\Gerencia\\Empresa')
 5 SYSTEMPATH\CodeIgniter.php(900): class_exists('\\App\\Controllers\\Gerencia\\Empresa', true)
 6 SYSTEMPATH\CodeIgniter.php(489): CodeIgniter\CodeIgniter->startController()
 7 SYSTEMPATH\CodeIgniter.php(361): CodeIgniter\CodeIgniter->handleRequest(null, Object(Config\Cache), false)
 8 FCPATH\index.php(79): CodeIgniter\CodeIgniter->run()
WARNING - 2024-03-04 08:17:12 --> [DEPRECATED] Optional parameter $isUpdate declared before required parameter $img is implicitly treated as a required parameter in APPPATH\Controllers\Gerencia\Empresa.php on line 97.
 1 SYSTEMPATH\Autoloader\Autoloader.php(312): include_once('C:\\laragon\\www\\pos\\system\\Debug\\Exceptions.php')
 2 SYSTEMPATH\Autoloader\Autoloader.php(291): CodeIgniter\Autoloader\Autoloader->includeFile('C:\\laragon\\www\\pos\\app\\Controllers\\Gerencia\\Empresa.php')
 3 SYSTEMPATH\Autoloader\Autoloader.php(269): CodeIgniter\Autoloader\Autoloader->loadInNamespace('App\\Controllers\\Gerencia\\Empresa')
 4 [internal function]: CodeIgniter\Autoloader\Autoloader->loadClass('App\\Controllers\\Gerencia\\Empresa')
 5 SYSTEMPATH\CodeIgniter.php(900): class_exists('\\App\\Controllers\\Gerencia\\Empresa', true)
 6 SYSTEMPATH\CodeIgniter.php(489): CodeIgniter\CodeIgniter->startController()
 7 SYSTEMPATH\CodeIgniter.php(361): CodeIgniter\CodeIgniter->handleRequest(null, Object(Config\Cache), false)
 8 FCPATH\index.php(79): CodeIgniter\CodeIgniter->run()
WARNING - 2024-03-04 08:17:13 --> [DEPRECATED] Optional parameter $isUpdate declared before required parameter $img is implicitly treated as a required parameter in APPPATH\Controllers\Gerencia\Empresa.php on line 97.
 1 SYSTEMPATH\Autoloader\Autoloader.php(312): include_once('C:\\laragon\\www\\pos\\system\\Debug\\Exceptions.php')
 2 SYSTEMPATH\Autoloader\Autoloader.php(291): CodeIgniter\Autoloader\Autoloader->includeFile('C:\\laragon\\www\\pos\\app\\Controllers\\Gerencia\\Empresa.php')
 3 SYSTEMPATH\Autoloader\Autoloader.php(269): CodeIgniter\Autoloader\Autoloader->loadInNamespace('App\\Controllers\\Gerencia\\Empresa')
 4 [internal function]: CodeIgniter\Autoloader\Autoloader->loadClass('App\\Controllers\\Gerencia\\Empresa')
 5 SYSTEMPATH\CodeIgniter.php(900): class_exists('\\App\\Controllers\\Gerencia\\Empresa', true)
 6 SYSTEMPATH\CodeIgniter.php(489): CodeIgniter\CodeIgniter->startController()
 7 SYSTEMPATH\CodeIgniter.php(361): CodeIgniter\CodeIgniter->handleRequest(null, Object(Config\Cache), false)
 8 FCPATH\index.php(79): CodeIgniter\CodeIgniter->run()
WARNING - 2024-03-04 08:20:02 --> [DEPRECATED] Optional parameter $isUpdate declared before required parameter $img is implicitly treated as a required parameter in APPPATH\Controllers\Gerencia\Empresa.php on line 97.
 1 SYSTEMPATH\Autoloader\Autoloader.php(312): include_once('C:\\laragon\\www\\pos\\system\\Debug\\Exceptions.php')
 2 SYSTEMPATH\Autoloader\Autoloader.php(291): CodeIgniter\Autoloader\Autoloader->includeFile('C:\\laragon\\www\\pos\\app\\Controllers\\Gerencia\\Empresa.php')
 3 SYSTEMPATH\Autoloader\Autoloader.php(269): CodeIgniter\Autoloader\Autoloader->loadInNamespace('App\\Controllers\\Gerencia\\Empresa')
 4 [internal function]: CodeIgniter\Autoloader\Autoloader->loadClass('App\\Controllers\\Gerencia\\Empresa')
 5 SYSTEMPATH\CodeIgniter.php(900): class_exists('\\App\\Controllers\\Gerencia\\Empresa', true)
 6 SYSTEMPATH\CodeIgniter.php(489): CodeIgniter\CodeIgniter->startController()
 7 SYSTEMPATH\CodeIgniter.php(361): CodeIgniter\CodeIgniter->handleRequest(null, Object(Config\Cache), false)
 8 FCPATH\index.php(79): CodeIgniter\CodeIgniter->run()
WARNING - 2024-03-04 08:20:03 --> [DEPRECATED] Optional parameter $isUpdate declared before required parameter $img is implicitly treated as a required parameter in APPPATH\Controllers\Gerencia\Empresa.php on line 97.
 1 SYSTEMPATH\Autoloader\Autoloader.php(312): include_once('C:\\laragon\\www\\pos\\system\\Debug\\Exceptions.php')
 2 SYSTEMPATH\Autoloader\Autoloader.php(291): CodeIgniter\Autoloader\Autoloader->includeFile('C:\\laragon\\www\\pos\\app\\Controllers\\Gerencia\\Empresa.php')
 3 SYSTEMPATH\Autoloader\Autoloader.php(269): CodeIgniter\Autoloader\Autoloader->loadInNamespace('App\\Controllers\\Gerencia\\Empresa')
 4 [internal function]: CodeIgniter\Autoloader\Autoloader->loadClass('App\\Controllers\\Gerencia\\Empresa')
 5 SYSTEMPATH\CodeIgniter.php(900): class_exists('\\App\\Controllers\\Gerencia\\Empresa', true)
 6 SYSTEMPATH\CodeIgniter.php(489): CodeIgniter\CodeIgniter->startController()
 7 SYSTEMPATH\CodeIgniter.php(361): CodeIgniter\CodeIgniter->handleRequest(null, Object(Config\Cache), false)
 8 FCPATH\index.php(79): CodeIgniter\CodeIgniter->run()
WARNING - 2024-03-04 08:20:05 --> [DEPRECATED] Optional parameter $isUpdate declared before required parameter $img is implicitly treated as a required parameter in APPPATH\Controllers\Gerencia\Empresa.php on line 97.
 1 SYSTEMPATH\Autoloader\Autoloader.php(312): include_once('C:\\laragon\\www\\pos\\system\\Debug\\Exceptions.php')
 2 SYSTEMPATH\Autoloader\Autoloader.php(291): CodeIgniter\Autoloader\Autoloader->includeFile('C:\\laragon\\www\\pos\\app\\Controllers\\Gerencia\\Empresa.php')
 3 SYSTEMPATH\Autoloader\Autoloader.php(269): CodeIgniter\Autoloader\Autoloader->loadInNamespace('App\\Controllers\\Gerencia\\Empresa')
 4 [internal function]: CodeIgniter\Autoloader\Autoloader->loadClass('App\\Controllers\\Gerencia\\Empresa')
 5 SYSTEMPATH\CodeIgniter.php(900): class_exists('\\App\\Controllers\\Gerencia\\Empresa', true)
 6 SYSTEMPATH\CodeIgniter.php(489): CodeIgniter\CodeIgniter->startController()
 7 SYSTEMPATH\CodeIgniter.php(361): CodeIgniter\CodeIgniter->handleRequest(null, Object(Config\Cache), false)
 8 FCPATH\index.php(79): CodeIgniter\CodeIgniter->run()
WARNING - 2024-03-04 08:20:06 --> [DEPRECATED] Optional parameter $isUpdate declared before required parameter $img is implicitly treated as a required parameter in APPPATH\Controllers\Gerencia\Empresa.php on line 97.
 1 SYSTEMPATH\Autoloader\Autoloader.php(312): include_once('C:\\laragon\\www\\pos\\system\\Debug\\Exceptions.php')
 2 SYSTEMPATH\Autoloader\Autoloader.php(291): CodeIgniter\Autoloader\Autoloader->includeFile('C:\\laragon\\www\\pos\\app\\Controllers\\Gerencia\\Empresa.php')
 3 SYSTEMPATH\Autoloader\Autoloader.php(269): CodeIgniter\Autoloader\Autoloader->loadInNamespace('App\\Controllers\\Gerencia\\Empresa')
 4 [internal function]: CodeIgniter\Autoloader\Autoloader->loadClass('App\\Controllers\\Gerencia\\Empresa')
 5 SYSTEMPATH\CodeIgniter.php(900): class_exists('\\App\\Controllers\\Gerencia\\Empresa', true)
 6 SYSTEMPATH\CodeIgniter.php(489): CodeIgniter\CodeIgniter->startController()
 7 SYSTEMPATH\CodeIgniter.php(361): CodeIgniter\CodeIgniter->handleRequest(null, Object(Config\Cache), false)
 8 FCPATH\index.php(79): CodeIgniter\CodeIgniter->run()
WARNING - 2024-03-04 08:20:16 --> [DEPRECATED] Optional parameter $isUpdate declared before required parameter $img is implicitly treated as a required parameter in APPPATH\Controllers\Gerencia\Empresa.php on line 97.
 1 SYSTEMPATH\Autoloader\Autoloader.php(312): include_once('C:\\laragon\\www\\pos\\system\\Debug\\Exceptions.php')
 2 SYSTEMPATH\Autoloader\Autoloader.php(291): CodeIgniter\Autoloader\Autoloader->includeFile('C:\\laragon\\www\\pos\\app\\Controllers\\Gerencia\\Empresa.php')
 3 SYSTEMPATH\Autoloader\Autoloader.php(269): CodeIgniter\Autoloader\Autoloader->loadInNamespace('App\\Controllers\\Gerencia\\Empresa')
 4 [internal function]: CodeIgniter\Autoloader\Autoloader->loadClass('App\\Controllers\\Gerencia\\Empresa')
 5 SYSTEMPATH\CodeIgniter.php(900): class_exists('\\App\\Controllers\\Gerencia\\Empresa', true)
 6 SYSTEMPATH\CodeIgniter.php(489): CodeIgniter\CodeIgniter->startController()
 7 SYSTEMPATH\CodeIgniter.php(361): CodeIgniter\CodeIgniter->handleRequest(null, Object(Config\Cache), false)
 8 FCPATH\index.php(79): CodeIgniter\CodeIgniter->run()
WARNING - 2024-03-04 08:20:17 --> [DEPRECATED] Optional parameter $isUpdate declared before required parameter $img is implicitly treated as a required parameter in APPPATH\Controllers\Gerencia\Empresa.php on line 97.
 1 SYSTEMPATH\Autoloader\Autoloader.php(312): include_once('C:\\laragon\\www\\pos\\system\\Debug\\Exceptions.php')
 2 SYSTEMPATH\Autoloader\Autoloader.php(291): CodeIgniter\Autoloader\Autoloader->includeFile('C:\\laragon\\www\\pos\\app\\Controllers\\Gerencia\\Empresa.php')
 3 SYSTEMPATH\Autoloader\Autoloader.php(269): CodeIgniter\Autoloader\Autoloader->loadInNamespace('App\\Controllers\\Gerencia\\Empresa')
 4 [internal function]: CodeIgniter\Autoloader\Autoloader->loadClass('App\\Controllers\\Gerencia\\Empresa')
 5 SYSTEMPATH\CodeIgniter.php(900): class_exists('\\App\\Controllers\\Gerencia\\Empresa', true)
 6 SYSTEMPATH\CodeIgniter.php(489): CodeIgniter\CodeIgniter->startController()
 7 SYSTEMPATH\CodeIgniter.php(361): CodeIgniter\CodeIgniter->handleRequest(null, Object(Config\Cache), false)
 8 FCPATH\index.php(79): CodeIgniter\CodeIgniter->run()
WARNING - 2024-03-04 08:20:19 --> [DEPRECATED] Optional parameter $isUpdate declared before required parameter $img is implicitly treated as a required parameter in APPPATH\Controllers\Gerencia\Empresa.php on line 97.
 1 SYSTEMPATH\Autoloader\Autoloader.php(312): include_once('C:\\laragon\\www\\pos\\system\\Debug\\Exceptions.php')
 2 SYSTEMPATH\Autoloader\Autoloader.php(291): CodeIgniter\Autoloader\Autoloader->includeFile('C:\\laragon\\www\\pos\\app\\Controllers\\Gerencia\\Empresa.php')
 3 SYSTEMPATH\Autoloader\Autoloader.php(269): CodeIgniter\Autoloader\Autoloader->loadInNamespace('App\\Controllers\\Gerencia\\Empresa')
 4 [internal function]: CodeIgniter\Autoloader\Autoloader->loadClass('App\\Controllers\\Gerencia\\Empresa')
 5 SYSTEMPATH\CodeIgniter.php(900): class_exists('\\App\\Controllers\\Gerencia\\Empresa', true)
 6 SYSTEMPATH\CodeIgniter.php(489): CodeIgniter\CodeIgniter->startController()
 7 SYSTEMPATH\CodeIgniter.php(361): CodeIgniter\CodeIgniter->handleRequest(null, Object(Config\Cache), false)
 8 FCPATH\index.php(79): CodeIgniter\CodeIgniter->run()
WARNING - 2024-03-04 08:20:20 --> [DEPRECATED] Optional parameter $isUpdate declared before required parameter $img is implicitly treated as a required parameter in APPPATH\Controllers\Gerencia\Empresa.php on line 97.
 1 SYSTEMPATH\Autoloader\Autoloader.php(312): include_once('C:\\laragon\\www\\pos\\system\\Debug\\Exceptions.php')
 2 SYSTEMPATH\Autoloader\Autoloader.php(291): CodeIgniter\Autoloader\Autoloader->includeFile('C:\\laragon\\www\\pos\\app\\Controllers\\Gerencia\\Empresa.php')
 3 SYSTEMPATH\Autoloader\Autoloader.php(269): CodeIgniter\Autoloader\Autoloader->loadInNamespace('App\\Controllers\\Gerencia\\Empresa')
 4 [internal function]: CodeIgniter\Autoloader\Autoloader->loadClass('App\\Controllers\\Gerencia\\Empresa')
 5 SYSTEMPATH\CodeIgniter.php(900): class_exists('\\App\\Controllers\\Gerencia\\Empresa', true)
 6 SYSTEMPATH\CodeIgniter.php(489): CodeIgniter\CodeIgniter->startController()
 7 SYSTEMPATH\CodeIgniter.php(361): CodeIgniter\CodeIgniter->handleRequest(null, Object(Config\Cache), false)
 8 FCPATH\index.php(79): CodeIgniter\CodeIgniter->run()
WARNING - 2024-03-04 08:20:29 --> [DEPRECATED] Optional parameter $isUpdate declared before required parameter $img is implicitly treated as a required parameter in APPPATH\Controllers\Gerencia\Empresa.php on line 97.
 1 SYSTEMPATH\Autoloader\Autoloader.php(312): include_once('C:\\laragon\\www\\pos\\system\\Debug\\Exceptions.php')
 2 SYSTEMPATH\Autoloader\Autoloader.php(291): CodeIgniter\Autoloader\Autoloader->includeFile('C:\\laragon\\www\\pos\\app\\Controllers\\Gerencia\\Empresa.php')
 3 SYSTEMPATH\Autoloader\Autoloader.php(269): CodeIgniter\Autoloader\Autoloader->loadInNamespace('App\\Controllers\\Gerencia\\Empresa')
 4 [internal function]: CodeIgniter\Autoloader\Autoloader->loadClass('App\\Controllers\\Gerencia\\Empresa')
 5 SYSTEMPATH\CodeIgniter.php(900): class_exists('\\App\\Controllers\\Gerencia\\Empresa', true)
 6 SYSTEMPATH\CodeIgniter.php(489): CodeIgniter\CodeIgniter->startController()
 7 SYSTEMPATH\CodeIgniter.php(361): CodeIgniter\CodeIgniter->handleRequest(null, Object(Config\Cache), false)
 8 FCPATH\index.php(79): CodeIgniter\CodeIgniter->run()
WARNING - 2024-03-04 08:20:30 --> [DEPRECATED] Optional parameter $isUpdate declared before required parameter $img is implicitly treated as a required parameter in APPPATH\Controllers\Gerencia\Empresa.php on line 97.
 1 SYSTEMPATH\Autoloader\Autoloader.php(312): include_once('C:\\laragon\\www\\pos\\system\\Debug\\Exceptions.php')
 2 SYSTEMPATH\Autoloader\Autoloader.php(291): CodeIgniter\Autoloader\Autoloader->includeFile('C:\\laragon\\www\\pos\\app\\Controllers\\Gerencia\\Empresa.php')
 3 SYSTEMPATH\Autoloader\Autoloader.php(269): CodeIgniter\Autoloader\Autoloader->loadInNamespace('App\\Controllers\\Gerencia\\Empresa')
 4 [internal function]: CodeIgniter\Autoloader\Autoloader->loadClass('App\\Controllers\\Gerencia\\Empresa')
 5 SYSTEMPATH\CodeIgniter.php(900): class_exists('\\App\\Controllers\\Gerencia\\Empresa', true)
 6 SYSTEMPATH\CodeIgniter.php(489): CodeIgniter\CodeIgniter->startController()
 7 SYSTEMPATH\CodeIgniter.php(361): CodeIgniter\CodeIgniter->handleRequest(null, Object(Config\Cache), false)
 8 FCPATH\index.php(79): CodeIgniter\CodeIgniter->run()
WARNING - 2024-03-04 08:20:32 --> [DEPRECATED] Optional parameter $isUpdate declared before required parameter $img is implicitly treated as a required parameter in APPPATH\Controllers\Gerencia\Empresa.php on line 97.
 1 SYSTEMPATH\Autoloader\Autoloader.php(312): include_once('C:\\laragon\\www\\pos\\system\\Debug\\Exceptions.php')
 2 SYSTEMPATH\Autoloader\Autoloader.php(291): CodeIgniter\Autoloader\Autoloader->includeFile('C:\\laragon\\www\\pos\\app\\Controllers\\Gerencia\\Empresa.php')
 3 SYSTEMPATH\Autoloader\Autoloader.php(269): CodeIgniter\Autoloader\Autoloader->loadInNamespace('App\\Controllers\\Gerencia\\Empresa')
 4 [internal function]: CodeIgniter\Autoloader\Autoloader->loadClass('App\\Controllers\\Gerencia\\Empresa')
 5 SYSTEMPATH\CodeIgniter.php(900): class_exists('\\App\\Controllers\\Gerencia\\Empresa', true)
 6 SYSTEMPATH\CodeIgniter.php(489): CodeIgniter\CodeIgniter->startController()
 7 SYSTEMPATH\CodeIgniter.php(361): CodeIgniter\CodeIgniter->handleRequest(null, Object(Config\Cache), false)
 8 FCPATH\index.php(79): CodeIgniter\CodeIgniter->run()
WARNING - 2024-03-04 08:20:33 --> [DEPRECATED] Optional parameter $isUpdate declared before required parameter $img is implicitly treated as a required parameter in APPPATH\Controllers\Gerencia\Empresa.php on line 97.
 1 SYSTEMPATH\Autoloader\Autoloader.php(312): include_once('C:\\laragon\\www\\pos\\system\\Debug\\Exceptions.php')
 2 SYSTEMPATH\Autoloader\Autoloader.php(291): CodeIgniter\Autoloader\Autoloader->includeFile('C:\\laragon\\www\\pos\\app\\Controllers\\Gerencia\\Empresa.php')
 3 SYSTEMPATH\Autoloader\Autoloader.php(269): CodeIgniter\Autoloader\Autoloader->loadInNamespace('App\\Controllers\\Gerencia\\Empresa')
 4 [internal function]: CodeIgniter\Autoloader\Autoloader->loadClass('App\\Controllers\\Gerencia\\Empresa')
 5 SYSTEMPATH\CodeIgniter.php(900): class_exists('\\App\\Controllers\\Gerencia\\Empresa', true)
 6 SYSTEMPATH\CodeIgniter.php(489): CodeIgniter\CodeIgniter->startController()
 7 SYSTEMPATH\CodeIgniter.php(361): CodeIgniter\CodeIgniter->handleRequest(null, Object(Config\Cache), false)
 8 FCPATH\index.php(79): CodeIgniter\CodeIgniter->run()
WARNING - 2024-03-04 08:20:42 --> [DEPRECATED] Optional parameter $isUpdate declared before required parameter $img is implicitly treated as a required parameter in APPPATH\Controllers\Gerencia\Empresa.php on line 97.
 1 SYSTEMPATH\Autoloader\Autoloader.php(312): include_once('C:\\laragon\\www\\pos\\system\\Debug\\Exceptions.php')
 2 SYSTEMPATH\Autoloader\Autoloader.php(291): CodeIgniter\Autoloader\Autoloader->includeFile('C:\\laragon\\www\\pos\\app\\Controllers\\Gerencia\\Empresa.php')
 3 SYSTEMPATH\Autoloader\Autoloader.php(269): CodeIgniter\Autoloader\Autoloader->loadInNamespace('App\\Controllers\\Gerencia\\Empresa')
 4 [internal function]: CodeIgniter\Autoloader\Autoloader->loadClass('App\\Controllers\\Gerencia\\Empresa')
 5 SYSTEMPATH\CodeIgniter.php(900): class_exists('\\App\\Controllers\\Gerencia\\Empresa', true)
 6 SYSTEMPATH\CodeIgniter.php(489): CodeIgniter\CodeIgniter->startController()
 7 SYSTEMPATH\CodeIgniter.php(361): CodeIgniter\CodeIgniter->handleRequest(null, Object(Config\Cache), false)
 8 FCPATH\index.php(79): CodeIgniter\CodeIgniter->run()
WARNING - 2024-03-04 08:20:43 --> [DEPRECATED] Optional parameter $isUpdate declared before required parameter $img is implicitly treated as a required parameter in APPPATH\Controllers\Gerencia\Empresa.php on line 97.
 1 SYSTEMPATH\Autoloader\Autoloader.php(312): include_once('C:\\laragon\\www\\pos\\system\\Debug\\Exceptions.php')
 2 SYSTEMPATH\Autoloader\Autoloader.php(291): CodeIgniter\Autoloader\Autoloader->includeFile('C:\\laragon\\www\\pos\\app\\Controllers\\Gerencia\\Empresa.php')
 3 SYSTEMPATH\Autoloader\Autoloader.php(269): CodeIgniter\Autoloader\Autoloader->loadInNamespace('App\\Controllers\\Gerencia\\Empresa')
 4 [internal function]: CodeIgniter\Autoloader\Autoloader->loadClass('App\\Controllers\\Gerencia\\Empresa')
 5 SYSTEMPATH\CodeIgniter.php(900): class_exists('\\App\\Controllers\\Gerencia\\Empresa', true)
 6 SYSTEMPATH\CodeIgniter.php(489): CodeIgniter\CodeIgniter->startController()
 7 SYSTEMPATH\CodeIgniter.php(361): CodeIgniter\CodeIgniter->handleRequest(null, Object(Config\Cache), false)
 8 FCPATH\index.php(79): CodeIgniter\CodeIgniter->run()
WARNING - 2024-03-04 08:20:45 --> [DEPRECATED] Optional parameter $isUpdate declared before required parameter $img is implicitly treated as a required parameter in APPPATH\Controllers\Gerencia\Empresa.php on line 97.
 1 SYSTEMPATH\Autoloader\Autoloader.php(312): include_once('C:\\laragon\\www\\pos\\system\\Debug\\Exceptions.php')
 2 SYSTEMPATH\Autoloader\Autoloader.php(291): CodeIgniter\Autoloader\Autoloader->includeFile('C:\\laragon\\www\\pos\\app\\Controllers\\Gerencia\\Empresa.php')
 3 SYSTEMPATH\Autoloader\Autoloader.php(269): CodeIgniter\Autoloader\Autoloader->loadInNamespace('App\\Controllers\\Gerencia\\Empresa')
 4 [internal function]: CodeIgniter\Autoloader\Autoloader->loadClass('App\\Controllers\\Gerencia\\Empresa')
 5 SYSTEMPATH\CodeIgniter.php(900): class_exists('\\App\\Controllers\\Gerencia\\Empresa', true)
 6 SYSTEMPATH\CodeIgniter.php(489): CodeIgniter\CodeIgniter->startController()
 7 SYSTEMPATH\CodeIgniter.php(361): CodeIgniter\CodeIgniter->handleRequest(null, Object(Config\Cache), false)
 8 FCPATH\index.php(79): CodeIgniter\CodeIgniter->run()
WARNING - 2024-03-04 08:20:46 --> [DEPRECATED] Optional parameter $isUpdate declared before required parameter $img is implicitly treated as a required parameter in APPPATH\Controllers\Gerencia\Empresa.php on line 97.
 1 SYSTEMPATH\Autoloader\Autoloader.php(312): include_once('C:\\laragon\\www\\pos\\system\\Debug\\Exceptions.php')
 2 SYSTEMPATH\Autoloader\Autoloader.php(291): CodeIgniter\Autoloader\Autoloader->includeFile('C:\\laragon\\www\\pos\\app\\Controllers\\Gerencia\\Empresa.php')
 3 SYSTEMPATH\Autoloader\Autoloader.php(269): CodeIgniter\Autoloader\Autoloader->loadInNamespace('App\\Controllers\\Gerencia\\Empresa')
 4 [internal function]: CodeIgniter\Autoloader\Autoloader->loadClass('App\\Controllers\\Gerencia\\Empresa')
 5 SYSTEMPATH\CodeIgniter.php(900): class_exists('\\App\\Controllers\\Gerencia\\Empresa', true)
 6 SYSTEMPATH\CodeIgniter.php(489): CodeIgniter\CodeIgniter->startController()
 7 SYSTEMPATH\CodeIgniter.php(361): CodeIgniter\CodeIgniter->handleRequest(null, Object(Config\Cache), false)
 8 FCPATH\index.php(79): CodeIgniter\CodeIgniter->run()
WARNING - 2024-03-04 08:21:23 --> [DEPRECATED] Optional parameter $isUpdate declared before required parameter $img is implicitly treated as a required parameter in APPPATH\Controllers\Gerencia\Empresa.php on line 97.
 1 SYSTEMPATH\Autoloader\Autoloader.php(312): include_once('C:\\laragon\\www\\pos\\system\\Debug\\Exceptions.php')
 2 SYSTEMPATH\Autoloader\Autoloader.php(291): CodeIgniter\Autoloader\Autoloader->includeFile('C:\\laragon\\www\\pos\\app\\Controllers\\Gerencia\\Empresa.php')
 3 SYSTEMPATH\Autoloader\Autoloader.php(269): CodeIgniter\Autoloader\Autoloader->loadInNamespace('App\\Controllers\\Gerencia\\Empresa')
 4 [internal function]: CodeIgniter\Autoloader\Autoloader->loadClass('App\\Controllers\\Gerencia\\Empresa')
 5 SYSTEMPATH\CodeIgniter.php(900): class_exists('\\App\\Controllers\\Gerencia\\Empresa', true)
 6 SYSTEMPATH\CodeIgniter.php(489): CodeIgniter\CodeIgniter->startController()
 7 SYSTEMPATH\CodeIgniter.php(361): CodeIgniter\CodeIgniter->handleRequest(null, Object(Config\Cache), false)
 8 FCPATH\index.php(79): CodeIgniter\CodeIgniter->run()
WARNING - 2024-03-04 08:21:26 --> [DEPRECATED] Optional parameter $isUpdate declared before required parameter $img is implicitly treated as a required parameter in APPPATH\Controllers\Gerencia\Empresa.php on line 97.
 1 SYSTEMPATH\Autoloader\Autoloader.php(312): include_once('C:\\laragon\\www\\pos\\system\\Debug\\Exceptions.php')
 2 SYSTEMPATH\Autoloader\Autoloader.php(291): CodeIgniter\Autoloader\Autoloader->includeFile('C:\\laragon\\www\\pos\\app\\Controllers\\Gerencia\\Empresa.php')
 3 SYSTEMPATH\Autoloader\Autoloader.php(269): CodeIgniter\Autoloader\Autoloader->loadInNamespace('App\\Controllers\\Gerencia\\Empresa')
 4 [internal function]: CodeIgniter\Autoloader\Autoloader->loadClass('App\\Controllers\\Gerencia\\Empresa')
 5 SYSTEMPATH\CodeIgniter.php(900): class_exists('\\App\\Controllers\\Gerencia\\Empresa', true)
 6 SYSTEMPATH\CodeIgniter.php(489): CodeIgniter\CodeIgniter->startController()
 7 SYSTEMPATH\CodeIgniter.php(361): CodeIgniter\CodeIgniter->handleRequest(null, Object(Config\Cache), false)
 8 FCPATH\index.php(79): CodeIgniter\CodeIgniter->run()
WARNING - 2024-03-04 08:21:28 --> [DEPRECATED] Optional parameter $isUpdate declared before required parameter $img is implicitly treated as a required parameter in APPPATH\Controllers\Gerencia\Empresa.php on line 97.
 1 SYSTEMPATH\Autoloader\Autoloader.php(312): include_once('C:\\laragon\\www\\pos\\system\\Debug\\Exceptions.php')
 2 SYSTEMPATH\Autoloader\Autoloader.php(291): CodeIgniter\Autoloader\Autoloader->includeFile('C:\\laragon\\www\\pos\\app\\Controllers\\Gerencia\\Empresa.php')
 3 SYSTEMPATH\Autoloader\Autoloader.php(269): CodeIgniter\Autoloader\Autoloader->loadInNamespace('App\\Controllers\\Gerencia\\Empresa')
 4 [internal function]: CodeIgniter\Autoloader\Autoloader->loadClass('App\\Controllers\\Gerencia\\Empresa')
 5 SYSTEMPATH\CodeIgniter.php(900): class_exists('\\App\\Controllers\\Gerencia\\Empresa', true)
 6 SYSTEMPATH\CodeIgniter.php(489): CodeIgniter\CodeIgniter->startController()
 7 SYSTEMPATH\CodeIgniter.php(361): CodeIgniter\CodeIgniter->handleRequest(null, Object(Config\Cache), false)
 8 FCPATH\index.php(79): CodeIgniter\CodeIgniter->run()
WARNING - 2024-03-04 08:21:29 --> [DEPRECATED] Optional parameter $isUpdate declared before required parameter $img is implicitly treated as a required parameter in APPPATH\Controllers\Gerencia\Empresa.php on line 97.
 1 SYSTEMPATH\Autoloader\Autoloader.php(312): include_once('C:\\laragon\\www\\pos\\system\\Debug\\Exceptions.php')
 2 SYSTEMPATH\Autoloader\Autoloader.php(291): CodeIgniter\Autoloader\Autoloader->includeFile('C:\\laragon\\www\\pos\\app\\Controllers\\Gerencia\\Empresa.php')
 3 SYSTEMPATH\Autoloader\Autoloader.php(269): CodeIgniter\Autoloader\Autoloader->loadInNamespace('App\\Controllers\\Gerencia\\Empresa')
 4 [internal function]: CodeIgniter\Autoloader\Autoloader->loadClass('App\\Controllers\\Gerencia\\Empresa')
 5 SYSTEMPATH\CodeIgniter.php(900): class_exists('\\App\\Controllers\\Gerencia\\Empresa', true)
 6 SYSTEMPATH\CodeIgniter.php(489): CodeIgniter\CodeIgniter->startController()
 7 SYSTEMPATH\CodeIgniter.php(361): CodeIgniter\CodeIgniter->handleRequest(null, Object(Config\Cache), false)
 8 FCPATH\index.php(79): CodeIgniter\CodeIgniter->run()
WARNING - 2024-03-04 08:24:37 --> [DEPRECATED] Optional parameter $isUpdate declared before required parameter $img is implicitly treated as a required parameter in APPPATH\Controllers\Gerencia\Empresa.php on line 97.
 1 SYSTEMPATH\Autoloader\Autoloader.php(312): include_once('C:\\laragon\\www\\pos\\system\\Debug\\Exceptions.php')
 2 SYSTEMPATH\Autoloader\Autoloader.php(291): CodeIgniter\Autoloader\Autoloader->includeFile('C:\\laragon\\www\\pos\\app\\Controllers\\Gerencia\\Empresa.php')
 3 SYSTEMPATH\Autoloader\Autoloader.php(269): CodeIgniter\Autoloader\Autoloader->loadInNamespace('App\\Controllers\\Gerencia\\Empresa')
 4 [internal function]: CodeIgniter\Autoloader\Autoloader->loadClass('App\\Controllers\\Gerencia\\Empresa')
 5 SYSTEMPATH\CodeIgniter.php(900): class_exists('\\App\\Controllers\\Gerencia\\Empresa', true)
 6 SYSTEMPATH\CodeIgniter.php(489): CodeIgniter\CodeIgniter->startController()
 7 SYSTEMPATH\CodeIgniter.php(361): CodeIgniter\CodeIgniter->handleRequest(null, Object(Config\Cache), false)
 8 FCPATH\index.php(79): CodeIgniter\CodeIgniter->run()
WARNING - 2024-03-04 08:24:38 --> [DEPRECATED] Optional parameter $isUpdate declared before required parameter $img is implicitly treated as a required parameter in APPPATH\Controllers\Gerencia\Empresa.php on line 97.
 1 SYSTEMPATH\Autoloader\Autoloader.php(312): include_once('C:\\laragon\\www\\pos\\system\\Debug\\Exceptions.php')
 2 SYSTEMPATH\Autoloader\Autoloader.php(291): CodeIgniter\Autoloader\Autoloader->includeFile('C:\\laragon\\www\\pos\\app\\Controllers\\Gerencia\\Empresa.php')
 3 SYSTEMPATH\Autoloader\Autoloader.php(269): CodeIgniter\Autoloader\Autoloader->loadInNamespace('App\\Controllers\\Gerencia\\Empresa')
 4 [internal function]: CodeIgniter\Autoloader\Autoloader->loadClass('App\\Controllers\\Gerencia\\Empresa')
 5 SYSTEMPATH\CodeIgniter.php(900): class_exists('\\App\\Controllers\\Gerencia\\Empresa', true)
 6 SYSTEMPATH\CodeIgniter.php(489): CodeIgniter\CodeIgniter->startController()
 7 SYSTEMPATH\CodeIgniter.php(361): CodeIgniter\CodeIgniter->handleRequest(null, Object(Config\Cache), false)
 8 FCPATH\index.php(79): CodeIgniter\CodeIgniter->run()
WARNING - 2024-03-04 08:24:39 --> [DEPRECATED] Optional parameter $isUpdate declared before required parameter $img is implicitly treated as a required parameter in APPPATH\Controllers\Gerencia\Empresa.php on line 97.
 1 SYSTEMPATH\Autoloader\Autoloader.php(312): include_once('C:\\laragon\\www\\pos\\system\\Debug\\Exceptions.php')
 2 SYSTEMPATH\Autoloader\Autoloader.php(291): CodeIgniter\Autoloader\Autoloader->includeFile('C:\\laragon\\www\\pos\\app\\Controllers\\Gerencia\\Empresa.php')
 3 SYSTEMPATH\Autoloader\Autoloader.php(269): CodeIgniter\Autoloader\Autoloader->loadInNamespace('App\\Controllers\\Gerencia\\Empresa')
 4 [internal function]: CodeIgniter\Autoloader\Autoloader->loadClass('App\\Controllers\\Gerencia\\Empresa')
 5 SYSTEMPATH\CodeIgniter.php(900): class_exists('\\App\\Controllers\\Gerencia\\Empresa', true)
 6 SYSTEMPATH\CodeIgniter.php(489): CodeIgniter\CodeIgniter->startController()
 7 SYSTEMPATH\CodeIgniter.php(361): CodeIgniter\CodeIgniter->handleRequest(null, Object(Config\Cache), false)
 8 FCPATH\index.php(79): CodeIgniter\CodeIgniter->run()
WARNING - 2024-03-04 08:24:39 --> [DEPRECATED] Optional parameter $isUpdate declared before required parameter $img is implicitly treated as a required parameter in APPPATH\Controllers\Gerencia\Empresa.php on line 97.
 1 SYSTEMPATH\Autoloader\Autoloader.php(312): include_once('C:\\laragon\\www\\pos\\system\\Debug\\Exceptions.php')
 2 SYSTEMPATH\Autoloader\Autoloader.php(291): CodeIgniter\Autoloader\Autoloader->includeFile('C:\\laragon\\www\\pos\\app\\Controllers\\Gerencia\\Empresa.php')
 3 SYSTEMPATH\Autoloader\Autoloader.php(269): CodeIgniter\Autoloader\Autoloader->loadInNamespace('App\\Controllers\\Gerencia\\Empresa')
 4 [internal function]: CodeIgniter\Autoloader\Autoloader->loadClass('App\\Controllers\\Gerencia\\Empresa')
 5 SYSTEMPATH\CodeIgniter.php(900): class_exists('\\App\\Controllers\\Gerencia\\Empresa', true)
 6 SYSTEMPATH\CodeIgniter.php(489): CodeIgniter\CodeIgniter->startController()
 7 SYSTEMPATH\CodeIgniter.php(361): CodeIgniter\CodeIgniter->handleRequest(null, Object(Config\Cache), false)
 8 FCPATH\index.php(79): CodeIgniter\CodeIgniter->run()
WARNING - 2024-03-04 08:25:07 --> [DEPRECATED] Optional parameter $isUpdate declared before required parameter $img is implicitly treated as a required parameter in APPPATH\Controllers\Gerencia\Empresa.php on line 97.
 1 SYSTEMPATH\Autoloader\Autoloader.php(312): include_once('C:\\laragon\\www\\pos\\system\\Debug\\Exceptions.php')
 2 SYSTEMPATH\Autoloader\Autoloader.php(291): CodeIgniter\Autoloader\Autoloader->includeFile('C:\\laragon\\www\\pos\\app\\Controllers\\Gerencia\\Empresa.php')
 3 SYSTEMPATH\Autoloader\Autoloader.php(269): CodeIgniter\Autoloader\Autoloader->loadInNamespace('App\\Controllers\\Gerencia\\Empresa')
 4 [internal function]: CodeIgniter\Autoloader\Autoloader->loadClass('App\\Controllers\\Gerencia\\Empresa')
 5 SYSTEMPATH\CodeIgniter.php(900): class_exists('\\App\\Controllers\\Gerencia\\Empresa', true)
 6 SYSTEMPATH\CodeIgniter.php(489): CodeIgniter\CodeIgniter->startController()
 7 SYSTEMPATH\CodeIgniter.php(361): CodeIgniter\CodeIgniter->handleRequest(null, Object(Config\Cache), false)
 8 FCPATH\index.php(79): CodeIgniter\CodeIgniter->run()
WARNING - 2024-03-04 08:25:09 --> [DEPRECATED] Optional parameter $isUpdate declared before required parameter $img is implicitly treated as a required parameter in APPPATH\Controllers\Gerencia\Empresa.php on line 97.
 1 SYSTEMPATH\Autoloader\Autoloader.php(312): include_once('C:\\laragon\\www\\pos\\system\\Debug\\Exceptions.php')
 2 SYSTEMPATH\Autoloader\Autoloader.php(291): CodeIgniter\Autoloader\Autoloader->includeFile('C:\\laragon\\www\\pos\\app\\Controllers\\Gerencia\\Empresa.php')
 3 SYSTEMPATH\Autoloader\Autoloader.php(269): CodeIgniter\Autoloader\Autoloader->loadInNamespace('App\\Controllers\\Gerencia\\Empresa')
 4 [internal function]: CodeIgniter\Autoloader\Autoloader->loadClass('App\\Controllers\\Gerencia\\Empresa')
 5 SYSTEMPATH\CodeIgniter.php(900): class_exists('\\App\\Controllers\\Gerencia\\Empresa', true)
 6 SYSTEMPATH\CodeIgniter.php(489): CodeIgniter\CodeIgniter->startController()
 7 SYSTEMPATH\CodeIgniter.php(361): CodeIgniter\CodeIgniter->handleRequest(null, Object(Config\Cache), false)
 8 FCPATH\index.php(79): CodeIgniter\CodeIgniter->run()
WARNING - 2024-03-04 08:25:10 --> [DEPRECATED] Optional parameter $isUpdate declared before required parameter $img is implicitly treated as a required parameter in APPPATH\Controllers\Gerencia\Empresa.php on line 97.
 1 SYSTEMPATH\Autoloader\Autoloader.php(312): include_once('C:\\laragon\\www\\pos\\system\\Debug\\Exceptions.php')
 2 SYSTEMPATH\Autoloader\Autoloader.php(291): CodeIgniter\Autoloader\Autoloader->includeFile('C:\\laragon\\www\\pos\\app\\Controllers\\Gerencia\\Empresa.php')
 3 SYSTEMPATH\Autoloader\Autoloader.php(269): CodeIgniter\Autoloader\Autoloader->loadInNamespace('App\\Controllers\\Gerencia\\Empresa')
 4 [internal function]: CodeIgniter\Autoloader\Autoloader->loadClass('App\\Controllers\\Gerencia\\Empresa')
 5 SYSTEMPATH\CodeIgniter.php(900): class_exists('\\App\\Controllers\\Gerencia\\Empresa', true)
 6 SYSTEMPATH\CodeIgniter.php(489): CodeIgniter\CodeIgniter->startController()
 7 SYSTEMPATH\CodeIgniter.php(361): CodeIgniter\CodeIgniter->handleRequest(null, Object(Config\Cache), false)
 8 FCPATH\index.php(79): CodeIgniter\CodeIgniter->run()
WARNING - 2024-03-04 08:25:10 --> [DEPRECATED] Optional parameter $isUpdate declared before required parameter $img is implicitly treated as a required parameter in APPPATH\Controllers\Gerencia\Empresa.php on line 97.
 1 SYSTEMPATH\Autoloader\Autoloader.php(312): include_once('C:\\laragon\\www\\pos\\system\\Debug\\Exceptions.php')
 2 SYSTEMPATH\Autoloader\Autoloader.php(291): CodeIgniter\Autoloader\Autoloader->includeFile('C:\\laragon\\www\\pos\\app\\Controllers\\Gerencia\\Empresa.php')
 3 SYSTEMPATH\Autoloader\Autoloader.php(269): CodeIgniter\Autoloader\Autoloader->loadInNamespace('App\\Controllers\\Gerencia\\Empresa')
 4 [internal function]: CodeIgniter\Autoloader\Autoloader->loadClass('App\\Controllers\\Gerencia\\Empresa')
 5 SYSTEMPATH\CodeIgniter.php(900): class_exists('\\App\\Controllers\\Gerencia\\Empresa', true)
 6 SYSTEMPATH\CodeIgniter.php(489): CodeIgniter\CodeIgniter->startController()
 7 SYSTEMPATH\CodeIgniter.php(361): CodeIgniter\CodeIgniter->handleRequest(null, Object(Config\Cache), false)
 8 FCPATH\index.php(79): CodeIgniter\CodeIgniter->run()
WARNING - 2024-03-04 08:26:18 --> [DEPRECATED] Optional parameter $isUpdate declared before required parameter $img is implicitly treated as a required parameter in APPPATH\Controllers\Gerencia\Empresa.php on line 97.
 1 SYSTEMPATH\Autoloader\Autoloader.php(312): include_once('C:\\laragon\\www\\pos\\system\\Debug\\Exceptions.php')
 2 SYSTEMPATH\Autoloader\Autoloader.php(291): CodeIgniter\Autoloader\Autoloader->includeFile('C:\\laragon\\www\\pos\\app\\Controllers\\Gerencia\\Empresa.php')
 3 SYSTEMPATH\Autoloader\Autoloader.php(269): CodeIgniter\Autoloader\Autoloader->loadInNamespace('App\\Controllers\\Gerencia\\Empresa')
 4 [internal function]: CodeIgniter\Autoloader\Autoloader->loadClass('App\\Controllers\\Gerencia\\Empresa')
 5 SYSTEMPATH\CodeIgniter.php(900): class_exists('\\App\\Controllers\\Gerencia\\Empresa', true)
 6 SYSTEMPATH\CodeIgniter.php(489): CodeIgniter\CodeIgniter->startController()
 7 SYSTEMPATH\CodeIgniter.php(361): CodeIgniter\CodeIgniter->handleRequest(null, Object(Config\Cache), false)
 8 FCPATH\index.php(79): CodeIgniter\CodeIgniter->run()
WARNING - 2024-03-04 08:26:19 --> [DEPRECATED] Optional parameter $isUpdate declared before required parameter $img is implicitly treated as a required parameter in APPPATH\Controllers\Gerencia\Empresa.php on line 97.
 1 SYSTEMPATH\Autoloader\Autoloader.php(312): include_once('C:\\laragon\\www\\pos\\system\\Debug\\Exceptions.php')
 2 SYSTEMPATH\Autoloader\Autoloader.php(291): CodeIgniter\Autoloader\Autoloader->includeFile('C:\\laragon\\www\\pos\\app\\Controllers\\Gerencia\\Empresa.php')
 3 SYSTEMPATH\Autoloader\Autoloader.php(269): CodeIgniter\Autoloader\Autoloader->loadInNamespace('App\\Controllers\\Gerencia\\Empresa')
 4 [internal function]: CodeIgniter\Autoloader\Autoloader->loadClass('App\\Controllers\\Gerencia\\Empresa')
 5 SYSTEMPATH\CodeIgniter.php(900): class_exists('\\App\\Controllers\\Gerencia\\Empresa', true)
 6 SYSTEMPATH\CodeIgniter.php(489): CodeIgniter\CodeIgniter->startController()
 7 SYSTEMPATH\CodeIgniter.php(361): CodeIgniter\CodeIgniter->handleRequest(null, Object(Config\Cache), false)
 8 FCPATH\index.php(79): CodeIgniter\CodeIgniter->run()
WARNING - 2024-03-04 08:26:21 --> [DEPRECATED] Optional parameter $isUpdate declared before required parameter $img is implicitly treated as a required parameter in APPPATH\Controllers\Gerencia\Empresa.php on line 97.
 1 SYSTEMPATH\Autoloader\Autoloader.php(312): include_once('C:\\laragon\\www\\pos\\system\\Debug\\Exceptions.php')
 2 SYSTEMPATH\Autoloader\Autoloader.php(291): CodeIgniter\Autoloader\Autoloader->includeFile('C:\\laragon\\www\\pos\\app\\Controllers\\Gerencia\\Empresa.php')
 3 SYSTEMPATH\Autoloader\Autoloader.php(269): CodeIgniter\Autoloader\Autoloader->loadInNamespace('App\\Controllers\\Gerencia\\Empresa')
 4 [internal function]: CodeIgniter\Autoloader\Autoloader->loadClass('App\\Controllers\\Gerencia\\Empresa')
 5 SYSTEMPATH\CodeIgniter.php(900): class_exists('\\App\\Controllers\\Gerencia\\Empresa', true)
 6 SYSTEMPATH\CodeIgniter.php(489): CodeIgniter\CodeIgniter->startController()
 7 SYSTEMPATH\CodeIgniter.php(361): CodeIgniter\CodeIgniter->handleRequest(null, Object(Config\Cache), false)
 8 FCPATH\index.php(79): CodeIgniter\CodeIgniter->run()
WARNING - 2024-03-04 08:26:21 --> [DEPRECATED] Optional parameter $isUpdate declared before required parameter $img is implicitly treated as a required parameter in APPPATH\Controllers\Gerencia\Empresa.php on line 97.
 1 SYSTEMPATH\Autoloader\Autoloader.php(312): include_once('C:\\laragon\\www\\pos\\system\\Debug\\Exceptions.php')
 2 SYSTEMPATH\Autoloader\Autoloader.php(291): CodeIgniter\Autoloader\Autoloader->includeFile('C:\\laragon\\www\\pos\\app\\Controllers\\Gerencia\\Empresa.php')
 3 SYSTEMPATH\Autoloader\Autoloader.php(269): CodeIgniter\Autoloader\Autoloader->loadInNamespace('App\\Controllers\\Gerencia\\Empresa')
 4 [internal function]: CodeIgniter\Autoloader\Autoloader->loadClass('App\\Controllers\\Gerencia\\Empresa')
 5 SYSTEMPATH\CodeIgniter.php(900): class_exists('\\App\\Controllers\\Gerencia\\Empresa', true)
 6 SYSTEMPATH\CodeIgniter.php(489): CodeIgniter\CodeIgniter->startController()
 7 SYSTEMPATH\CodeIgniter.php(361): CodeIgniter\CodeIgniter->handleRequest(null, Object(Config\Cache), false)
 8 FCPATH\index.php(79): CodeIgniter\CodeIgniter->run()
WARNING - 2024-03-04 08:36:22 --> [DEPRECATED] Optional parameter $isUpdate declared before required parameter $img is implicitly treated as a required parameter in APPPATH\Controllers\Gerencia\Empresa.php on line 97.
 1 SYSTEMPATH\Autoloader\Autoloader.php(312): include_once('C:\\laragon\\www\\pos\\system\\Debug\\Exceptions.php')
 2 SYSTEMPATH\Autoloader\Autoloader.php(291): CodeIgniter\Autoloader\Autoloader->includeFile('C:\\laragon\\www\\pos\\app\\Controllers\\Gerencia\\Empresa.php')
 3 SYSTEMPATH\Autoloader\Autoloader.php(269): CodeIgniter\Autoloader\Autoloader->loadInNamespace('App\\Controllers\\Gerencia\\Empresa')
 4 [internal function]: CodeIgniter\Autoloader\Autoloader->loadClass('App\\Controllers\\Gerencia\\Empresa')
 5 SYSTEMPATH\CodeIgniter.php(900): class_exists('\\App\\Controllers\\Gerencia\\Empresa', true)
 6 SYSTEMPATH\CodeIgniter.php(489): CodeIgniter\CodeIgniter->startController()
 7 SYSTEMPATH\CodeIgniter.php(361): CodeIgniter\CodeIgniter->handleRequest(null, Object(Config\Cache), false)
 8 FCPATH\index.php(79): CodeIgniter\CodeIgniter->run()
WARNING - 2024-03-04 08:36:22 --> [DEPRECATED] Optional parameter $isUpdate declared before required parameter $img is implicitly treated as a required parameter in APPPATH\Controllers\Gerencia\Empresa.php on line 97.
 1 SYSTEMPATH\Autoloader\Autoloader.php(312): include_once('C:\\laragon\\www\\pos\\system\\Debug\\Exceptions.php')
 2 SYSTEMPATH\Autoloader\Autoloader.php(291): CodeIgniter\Autoloader\Autoloader->includeFile('C:\\laragon\\www\\pos\\app\\Controllers\\Gerencia\\Empresa.php')
 3 SYSTEMPATH\Autoloader\Autoloader.php(269): CodeIgniter\Autoloader\Autoloader->loadInNamespace('App\\Controllers\\Gerencia\\Empresa')
 4 [internal function]: CodeIgniter\Autoloader\Autoloader->loadClass('App\\Controllers\\Gerencia\\Empresa')
 5 SYSTEMPATH\CodeIgniter.php(900): class_exists('\\App\\Controllers\\Gerencia\\Empresa', true)
 6 SYSTEMPATH\CodeIgniter.php(489): CodeIgniter\CodeIgniter->startController()
 7 SYSTEMPATH\CodeIgniter.php(361): CodeIgniter\CodeIgniter->handleRequest(null, Object(Config\Cache), false)
 8 FCPATH\index.php(79): CodeIgniter\CodeIgniter->run()
WARNING - 2024-03-04 08:36:23 --> [DEPRECATED] Optional parameter $isUpdate declared before required parameter $img is implicitly treated as a required parameter in APPPATH\Controllers\Gerencia\Empresa.php on line 97.
 1 SYSTEMPATH\Autoloader\Autoloader.php(312): include_once('C:\\laragon\\www\\pos\\system\\Debug\\Exceptions.php')
 2 SYSTEMPATH\Autoloader\Autoloader.php(291): CodeIgniter\Autoloader\Autoloader->includeFile('C:\\laragon\\www\\pos\\app\\Controllers\\Gerencia\\Empresa.php')
 3 SYSTEMPATH\Autoloader\Autoloader.php(269): CodeIgniter\Autoloader\Autoloader->loadInNamespace('App\\Controllers\\Gerencia\\Empresa')
 4 [internal function]: CodeIgniter\Autoloader\Autoloader->loadClass('App\\Controllers\\Gerencia\\Empresa')
 5 SYSTEMPATH\CodeIgniter.php(900): class_exists('\\App\\Controllers\\Gerencia\\Empresa', true)
 6 SYSTEMPATH\CodeIgniter.php(489): CodeIgniter\CodeIgniter->startController()
 7 SYSTEMPATH\CodeIgniter.php(361): CodeIgniter\CodeIgniter->handleRequest(null, Object(Config\Cache), false)
 8 FCPATH\index.php(79): CodeIgniter\CodeIgniter->run()
WARNING - 2024-03-04 08:36:24 --> [DEPRECATED] Optional parameter $isUpdate declared before required parameter $img is implicitly treated as a required parameter in APPPATH\Controllers\Gerencia\Empresa.php on line 97.
 1 SYSTEMPATH\Autoloader\Autoloader.php(312): include_once('C:\\laragon\\www\\pos\\system\\Debug\\Exceptions.php')
 2 SYSTEMPATH\Autoloader\Autoloader.php(291): CodeIgniter\Autoloader\Autoloader->includeFile('C:\\laragon\\www\\pos\\app\\Controllers\\Gerencia\\Empresa.php')
 3 SYSTEMPATH\Autoloader\Autoloader.php(269): CodeIgniter\Autoloader\Autoloader->loadInNamespace('App\\Controllers\\Gerencia\\Empresa')
 4 [internal function]: CodeIgniter\Autoloader\Autoloader->loadClass('App\\Controllers\\Gerencia\\Empresa')
 5 SYSTEMPATH\CodeIgniter.php(900): class_exists('\\App\\Controllers\\Gerencia\\Empresa', true)
 6 SYSTEMPATH\CodeIgniter.php(489): CodeIgniter\CodeIgniter->startController()
 7 SYSTEMPATH\CodeIgniter.php(361): CodeIgniter\CodeIgniter->handleRequest(null, Object(Config\Cache), false)
 8 FCPATH\index.php(79): CodeIgniter\CodeIgniter->run()
WARNING - 2024-03-04 08:36:39 --> [DEPRECATED] Optional parameter $isUpdate declared before required parameter $img is implicitly treated as a required parameter in APPPATH\Controllers\Gerencia\Empresa.php on line 97.
 1 SYSTEMPATH\Autoloader\Autoloader.php(312): include_once('C:\\laragon\\www\\pos\\system\\Debug\\Exceptions.php')
 2 SYSTEMPATH\Autoloader\Autoloader.php(291): CodeIgniter\Autoloader\Autoloader->includeFile('C:\\laragon\\www\\pos\\app\\Controllers\\Gerencia\\Empresa.php')
 3 SYSTEMPATH\Autoloader\Autoloader.php(269): CodeIgniter\Autoloader\Autoloader->loadInNamespace('App\\Controllers\\Gerencia\\Empresa')
 4 [internal function]: CodeIgniter\Autoloader\Autoloader->loadClass('App\\Controllers\\Gerencia\\Empresa')
 5 SYSTEMPATH\CodeIgniter.php(900): class_exists('\\App\\Controllers\\Gerencia\\Empresa', true)
 6 SYSTEMPATH\CodeIgniter.php(489): CodeIgniter\CodeIgniter->startController()
 7 SYSTEMPATH\CodeIgniter.php(361): CodeIgniter\CodeIgniter->handleRequest(null, Object(Config\Cache), false)
 8 FCPATH\index.php(79): CodeIgniter\CodeIgniter->run()
WARNING - 2024-03-04 08:36:39 --> [DEPRECATED] Optional parameter $isUpdate declared before required parameter $img is implicitly treated as a required parameter in APPPATH\Controllers\Gerencia\Empresa.php on line 97.
 1 SYSTEMPATH\Autoloader\Autoloader.php(312): include_once('C:\\laragon\\www\\pos\\system\\Debug\\Exceptions.php')
 2 SYSTEMPATH\Autoloader\Autoloader.php(291): CodeIgniter\Autoloader\Autoloader->includeFile('C:\\laragon\\www\\pos\\app\\Controllers\\Gerencia\\Empresa.php')
 3 SYSTEMPATH\Autoloader\Autoloader.php(269): CodeIgniter\Autoloader\Autoloader->loadInNamespace('App\\Controllers\\Gerencia\\Empresa')
 4 [internal function]: CodeIgniter\Autoloader\Autoloader->loadClass('App\\Controllers\\Gerencia\\Empresa')
 5 SYSTEMPATH\CodeIgniter.php(900): class_exists('\\App\\Controllers\\Gerencia\\Empresa', true)
 6 SYSTEMPATH\CodeIgniter.php(489): CodeIgniter\CodeIgniter->startController()
 7 SYSTEMPATH\CodeIgniter.php(361): CodeIgniter\CodeIgniter->handleRequest(null, Object(Config\Cache), false)
 8 FCPATH\index.php(79): CodeIgniter\CodeIgniter->run()
WARNING - 2024-03-04 08:36:41 --> [DEPRECATED] Optional parameter $isUpdate declared before required parameter $img is implicitly treated as a required parameter in APPPATH\Controllers\Gerencia\Empresa.php on line 97.
 1 SYSTEMPATH\Autoloader\Autoloader.php(312): include_once('C:\\laragon\\www\\pos\\system\\Debug\\Exceptions.php')
 2 SYSTEMPATH\Autoloader\Autoloader.php(291): CodeIgniter\Autoloader\Autoloader->includeFile('C:\\laragon\\www\\pos\\app\\Controllers\\Gerencia\\Empresa.php')
 3 SYSTEMPATH\Autoloader\Autoloader.php(269): CodeIgniter\Autoloader\Autoloader->loadInNamespace('App\\Controllers\\Gerencia\\Empresa')
 4 [internal function]: CodeIgniter\Autoloader\Autoloader->loadClass('App\\Controllers\\Gerencia\\Empresa')
 5 SYSTEMPATH\CodeIgniter.php(900): class_exists('\\App\\Controllers\\Gerencia\\Empresa', true)
 6 SYSTEMPATH\CodeIgniter.php(489): CodeIgniter\CodeIgniter->startController()
 7 SYSTEMPATH\CodeIgniter.php(361): CodeIgniter\CodeIgniter->handleRequest(null, Object(Config\Cache), false)
 8 FCPATH\index.php(79): CodeIgniter\CodeIgniter->run()
WARNING - 2024-03-04 08:36:41 --> [DEPRECATED] Optional parameter $isUpdate declared before required parameter $img is implicitly treated as a required parameter in APPPATH\Controllers\Gerencia\Empresa.php on line 97.
 1 SYSTEMPATH\Autoloader\Autoloader.php(312): include_once('C:\\laragon\\www\\pos\\system\\Debug\\Exceptions.php')
 2 SYSTEMPATH\Autoloader\Autoloader.php(291): CodeIgniter\Autoloader\Autoloader->includeFile('C:\\laragon\\www\\pos\\app\\Controllers\\Gerencia\\Empresa.php')
 3 SYSTEMPATH\Autoloader\Autoloader.php(269): CodeIgniter\Autoloader\Autoloader->loadInNamespace('App\\Controllers\\Gerencia\\Empresa')
 4 [internal function]: CodeIgniter\Autoloader\Autoloader->loadClass('App\\Controllers\\Gerencia\\Empresa')
 5 SYSTEMPATH\CodeIgniter.php(900): class_exists('\\App\\Controllers\\Gerencia\\Empresa', true)
 6 SYSTEMPATH\CodeIgniter.php(489): CodeIgniter\CodeIgniter->startController()
 7 SYSTEMPATH\CodeIgniter.php(361): CodeIgniter\CodeIgniter->handleRequest(null, Object(Config\Cache), false)
 8 FCPATH\index.php(79): CodeIgniter\CodeIgniter->run()
WARNING - 2024-03-04 08:37:07 --> [DEPRECATED] Optional parameter $isUpdate declared before required parameter $img is implicitly treated as a required parameter in APPPATH\Controllers\Gerencia\Empresa.php on line 97.
 1 SYSTEMPATH\Autoloader\Autoloader.php(312): include_once('C:\\laragon\\www\\pos\\system\\Debug\\Exceptions.php')
 2 SYSTEMPATH\Autoloader\Autoloader.php(291): CodeIgniter\Autoloader\Autoloader->includeFile('C:\\laragon\\www\\pos\\app\\Controllers\\Gerencia\\Empresa.php')
 3 SYSTEMPATH\Autoloader\Autoloader.php(269): CodeIgniter\Autoloader\Autoloader->loadInNamespace('App\\Controllers\\Gerencia\\Empresa')
 4 [internal function]: CodeIgniter\Autoloader\Autoloader->loadClass('App\\Controllers\\Gerencia\\Empresa')
 5 SYSTEMPATH\CodeIgniter.php(900): class_exists('\\App\\Controllers\\Gerencia\\Empresa', true)
 6 SYSTEMPATH\CodeIgniter.php(489): CodeIgniter\CodeIgniter->startController()
 7 SYSTEMPATH\CodeIgniter.php(361): CodeIgniter\CodeIgniter->handleRequest(null, Object(Config\Cache), false)
 8 FCPATH\index.php(79): CodeIgniter\CodeIgniter->run()
WARNING - 2024-03-04 08:37:08 --> [DEPRECATED] Optional parameter $isUpdate declared before required parameter $img is implicitly treated as a required parameter in APPPATH\Controllers\Gerencia\Empresa.php on line 97.
 1 SYSTEMPATH\Autoloader\Autoloader.php(312): include_once('C:\\laragon\\www\\pos\\system\\Debug\\Exceptions.php')
 2 SYSTEMPATH\Autoloader\Autoloader.php(291): CodeIgniter\Autoloader\Autoloader->includeFile('C:\\laragon\\www\\pos\\app\\Controllers\\Gerencia\\Empresa.php')
 3 SYSTEMPATH\Autoloader\Autoloader.php(269): CodeIgniter\Autoloader\Autoloader->loadInNamespace('App\\Controllers\\Gerencia\\Empresa')
 4 [internal function]: CodeIgniter\Autoloader\Autoloader->loadClass('App\\Controllers\\Gerencia\\Empresa')
 5 SYSTEMPATH\CodeIgniter.php(900): class_exists('\\App\\Controllers\\Gerencia\\Empresa', true)
 6 SYSTEMPATH\CodeIgniter.php(489): CodeIgniter\CodeIgniter->startController()
 7 SYSTEMPATH\CodeIgniter.php(361): CodeIgniter\CodeIgniter->handleRequest(null, Object(Config\Cache), false)
 8 FCPATH\index.php(79): CodeIgniter\CodeIgniter->run()
WARNING - 2024-03-04 08:37:10 --> [DEPRECATED] Optional parameter $isUpdate declared before required parameter $img is implicitly treated as a required parameter in APPPATH\Controllers\Gerencia\Empresa.php on line 97.
 1 SYSTEMPATH\Autoloader\Autoloader.php(312): include_once('C:\\laragon\\www\\pos\\system\\Debug\\Exceptions.php')
 2 SYSTEMPATH\Autoloader\Autoloader.php(291): CodeIgniter\Autoloader\Autoloader->includeFile('C:\\laragon\\www\\pos\\app\\Controllers\\Gerencia\\Empresa.php')
 3 SYSTEMPATH\Autoloader\Autoloader.php(269): CodeIgniter\Autoloader\Autoloader->loadInNamespace('App\\Controllers\\Gerencia\\Empresa')
 4 [internal function]: CodeIgniter\Autoloader\Autoloader->loadClass('App\\Controllers\\Gerencia\\Empresa')
 5 SYSTEMPATH\CodeIgniter.php(900): class_exists('\\App\\Controllers\\Gerencia\\Empresa', true)
 6 SYSTEMPATH\CodeIgniter.php(489): CodeIgniter\CodeIgniter->startController()
 7 SYSTEMPATH\CodeIgniter.php(361): CodeIgniter\CodeIgniter->handleRequest(null, Object(Config\Cache), false)
 8 FCPATH\index.php(79): CodeIgniter\CodeIgniter->run()
WARNING - 2024-03-04 08:37:10 --> [DEPRECATED] Optional parameter $isUpdate declared before required parameter $img is implicitly treated as a required parameter in APPPATH\Controllers\Gerencia\Empresa.php on line 97.
 1 SYSTEMPATH\Autoloader\Autoloader.php(312): include_once('C:\\laragon\\www\\pos\\system\\Debug\\Exceptions.php')
 2 SYSTEMPATH\Autoloader\Autoloader.php(291): CodeIgniter\Autoloader\Autoloader->includeFile('C:\\laragon\\www\\pos\\app\\Controllers\\Gerencia\\Empresa.php')
 3 SYSTEMPATH\Autoloader\Autoloader.php(269): CodeIgniter\Autoloader\Autoloader->loadInNamespace('App\\Controllers\\Gerencia\\Empresa')
 4 [internal function]: CodeIgniter\Autoloader\Autoloader->loadClass('App\\Controllers\\Gerencia\\Empresa')
 5 SYSTEMPATH\CodeIgniter.php(900): class_exists('\\App\\Controllers\\Gerencia\\Empresa', true)
 6 SYSTEMPATH\CodeIgniter.php(489): CodeIgniter\CodeIgniter->startController()
 7 SYSTEMPATH\CodeIgniter.php(361): CodeIgniter\CodeIgniter->handleRequest(null, Object(Config\Cache), false)
 8 FCPATH\index.php(79): CodeIgniter\CodeIgniter->run()
WARNING - 2024-03-04 08:39:06 --> [DEPRECATED] Optional parameter $isUpdate declared before required parameter $img is implicitly treated as a required parameter in APPPATH\Controllers\Gerencia\Empresa.php on line 97.
 1 SYSTEMPATH\Autoloader\Autoloader.php(312): include_once('C:\\laragon\\www\\pos\\system\\Debug\\Exceptions.php')
 2 SYSTEMPATH\Autoloader\Autoloader.php(291): CodeIgniter\Autoloader\Autoloader->includeFile('C:\\laragon\\www\\pos\\app\\Controllers\\Gerencia\\Empresa.php')
 3 SYSTEMPATH\Autoloader\Autoloader.php(269): CodeIgniter\Autoloader\Autoloader->loadInNamespace('App\\Controllers\\Gerencia\\Empresa')
 4 [internal function]: CodeIgniter\Autoloader\Autoloader->loadClass('App\\Controllers\\Gerencia\\Empresa')
 5 SYSTEMPATH\CodeIgniter.php(900): class_exists('\\App\\Controllers\\Gerencia\\Empresa', true)
 6 SYSTEMPATH\CodeIgniter.php(489): CodeIgniter\CodeIgniter->startController()
 7 SYSTEMPATH\CodeIgniter.php(361): CodeIgniter\CodeIgniter->handleRequest(null, Object(Config\Cache), false)
 8 FCPATH\index.php(79): CodeIgniter\CodeIgniter->run()
WARNING - 2024-03-04 08:39:07 --> [DEPRECATED] Optional parameter $isUpdate declared before required parameter $img is implicitly treated as a required parameter in APPPATH\Controllers\Gerencia\Empresa.php on line 97.
 1 SYSTEMPATH\Autoloader\Autoloader.php(312): include_once('C:\\laragon\\www\\pos\\system\\Debug\\Exceptions.php')
 2 SYSTEMPATH\Autoloader\Autoloader.php(291): CodeIgniter\Autoloader\Autoloader->includeFile('C:\\laragon\\www\\pos\\app\\Controllers\\Gerencia\\Empresa.php')
 3 SYSTEMPATH\Autoloader\Autoloader.php(269): CodeIgniter\Autoloader\Autoloader->loadInNamespace('App\\Controllers\\Gerencia\\Empresa')
 4 [internal function]: CodeIgniter\Autoloader\Autoloader->loadClass('App\\Controllers\\Gerencia\\Empresa')
 5 SYSTEMPATH\CodeIgniter.php(900): class_exists('\\App\\Controllers\\Gerencia\\Empresa', true)
 6 SYSTEMPATH\CodeIgniter.php(489): CodeIgniter\CodeIgniter->startController()
 7 SYSTEMPATH\CodeIgniter.php(361): CodeIgniter\CodeIgniter->handleRequest(null, Object(Config\Cache), false)
 8 FCPATH\index.php(79): CodeIgniter\CodeIgniter->run()
WARNING - 2024-03-04 08:39:08 --> [DEPRECATED] Optional parameter $isUpdate declared before required parameter $img is implicitly treated as a required parameter in APPPATH\Controllers\Gerencia\Empresa.php on line 97.
 1 SYSTEMPATH\Autoloader\Autoloader.php(312): include_once('C:\\laragon\\www\\pos\\system\\Debug\\Exceptions.php')
 2 SYSTEMPATH\Autoloader\Autoloader.php(291): CodeIgniter\Autoloader\Autoloader->includeFile('C:\\laragon\\www\\pos\\app\\Controllers\\Gerencia\\Empresa.php')
 3 SYSTEMPATH\Autoloader\Autoloader.php(269): CodeIgniter\Autoloader\Autoloader->loadInNamespace('App\\Controllers\\Gerencia\\Empresa')
 4 [internal function]: CodeIgniter\Autoloader\Autoloader->loadClass('App\\Controllers\\Gerencia\\Empresa')
 5 SYSTEMPATH\CodeIgniter.php(900): class_exists('\\App\\Controllers\\Gerencia\\Empresa', true)
 6 SYSTEMPATH\CodeIgniter.php(489): CodeIgniter\CodeIgniter->startController()
 7 SYSTEMPATH\CodeIgniter.php(361): CodeIgniter\CodeIgniter->handleRequest(null, Object(Config\Cache), false)
 8 FCPATH\index.php(79): CodeIgniter\CodeIgniter->run()
WARNING - 2024-03-04 08:39:09 --> [DEPRECATED] Optional parameter $isUpdate declared before required parameter $img is implicitly treated as a required parameter in APPPATH\Controllers\Gerencia\Empresa.php on line 97.
 1 SYSTEMPATH\Autoloader\Autoloader.php(312): include_once('C:\\laragon\\www\\pos\\system\\Debug\\Exceptions.php')
 2 SYSTEMPATH\Autoloader\Autoloader.php(291): CodeIgniter\Autoloader\Autoloader->includeFile('C:\\laragon\\www\\pos\\app\\Controllers\\Gerencia\\Empresa.php')
 3 SYSTEMPATH\Autoloader\Autoloader.php(269): CodeIgniter\Autoloader\Autoloader->loadInNamespace('App\\Controllers\\Gerencia\\Empresa')
 4 [internal function]: CodeIgniter\Autoloader\Autoloader->loadClass('App\\Controllers\\Gerencia\\Empresa')
 5 SYSTEMPATH\CodeIgniter.php(900): class_exists('\\App\\Controllers\\Gerencia\\Empresa', true)
 6 SYSTEMPATH\CodeIgniter.php(489): CodeIgniter\CodeIgniter->startController()
 7 SYSTEMPATH\CodeIgniter.php(361): CodeIgniter\CodeIgniter->handleRequest(null, Object(Config\Cache), false)
 8 FCPATH\index.php(79): CodeIgniter\CodeIgniter->run()
WARNING - 2024-03-04 08:39:40 --> [DEPRECATED] Optional parameter $isUpdate declared before required parameter $img is implicitly treated as a required parameter in APPPATH\Controllers\Gerencia\Empresa.php on line 97.
 1 SYSTEMPATH\Autoloader\Autoloader.php(312): include_once('C:\\laragon\\www\\pos\\system\\Debug\\Exceptions.php')
 2 SYSTEMPATH\Autoloader\Autoloader.php(291): CodeIgniter\Autoloader\Autoloader->includeFile('C:\\laragon\\www\\pos\\app\\Controllers\\Gerencia\\Empresa.php')
 3 SYSTEMPATH\Autoloader\Autoloader.php(269): CodeIgniter\Autoloader\Autoloader->loadInNamespace('App\\Controllers\\Gerencia\\Empresa')
 4 [internal function]: CodeIgniter\Autoloader\Autoloader->loadClass('App\\Controllers\\Gerencia\\Empresa')
 5 SYSTEMPATH\CodeIgniter.php(900): class_exists('\\App\\Controllers\\Gerencia\\Empresa', true)
 6 SYSTEMPATH\CodeIgniter.php(489): CodeIgniter\CodeIgniter->startController()
 7 SYSTEMPATH\CodeIgniter.php(361): CodeIgniter\CodeIgniter->handleRequest(null, Object(Config\Cache), false)
 8 FCPATH\index.php(79): CodeIgniter\CodeIgniter->run()
WARNING - 2024-03-04 08:39:40 --> [DEPRECATED] Optional parameter $isUpdate declared before required parameter $img is implicitly treated as a required parameter in APPPATH\Controllers\Gerencia\Empresa.php on line 97.
 1 SYSTEMPATH\Autoloader\Autoloader.php(312): include_once('C:\\laragon\\www\\pos\\system\\Debug\\Exceptions.php')
 2 SYSTEMPATH\Autoloader\Autoloader.php(291): CodeIgniter\Autoloader\Autoloader->includeFile('C:\\laragon\\www\\pos\\app\\Controllers\\Gerencia\\Empresa.php')
 3 SYSTEMPATH\Autoloader\Autoloader.php(269): CodeIgniter\Autoloader\Autoloader->loadInNamespace('App\\Controllers\\Gerencia\\Empresa')
 4 [internal function]: CodeIgniter\Autoloader\Autoloader->loadClass('App\\Controllers\\Gerencia\\Empresa')
 5 SYSTEMPATH\CodeIgniter.php(900): class_exists('\\App\\Controllers\\Gerencia\\Empresa', true)
 6 SYSTEMPATH\CodeIgniter.php(489): CodeIgniter\CodeIgniter->startController()
 7 SYSTEMPATH\CodeIgniter.php(361): CodeIgniter\CodeIgniter->handleRequest(null, Object(Config\Cache), false)
 8 FCPATH\index.php(79): CodeIgniter\CodeIgniter->run()
